Using pre-set license
Built from '2021.3/staging' branch; Version is '2021.3.6f1 (7da38d85baf6) revision 8233869'; Using compiler version '192829333'; Build Type 'Release'
OS: 'Windows 10  (10.0.19044) 64bit Professional' Language: 'es' Physical Memory: 16332 MB
BatchMode: 1, IsHumanControllingUs: 0, StartBugReporterOnCrash: 0, Is64bit: 1, IsPro: 1

COMMAND LINE ARGUMENTS:
G:\Programas\Unity\2021.3.6f1\Editor\Unity.exe
-adb2
-batchMode
-noUpm
-name
AssetImportWorker5
-projectPath
D:/GitHub Proyects/Code_PlaneFall/PlaneFall
-logFile
Logs/AssetImportWorker5.log
-srvPort
57802
Successfully changed project path to: D:/GitHub Proyects/Code_PlaneFall/PlaneFall
D:/GitHub Proyects/Code_PlaneFall/PlaneFall
[UnityMemory] Configuration Parameters - Can be set up in boot.config
    "memorysetup-bucket-allocator-granularity=16"
    "memorysetup-bucket-allocator-bucket-count=8"
    "memorysetup-bucket-allocator-block-size=33554432"
    "memorysetup-bucket-allocator-block-count=8"
    "memorysetup-main-allocator-block-size=16777216"
    "memorysetup-thread-allocator-block-size=16777216"
    "memorysetup-gfx-main-allocator-block-size=16777216"
    "memorysetup-gfx-thread-allocator-block-size=16777216"
    "memorysetup-cache-allocator-block-size=4194304"
    "memorysetup-typetree-allocator-block-size=2097152"
    "memorysetup-profiler-bucket-allocator-granularity=16"
    "memorysetup-profiler-bucket-allocator-bucket-count=8"
    "memorysetup-profiler-bucket-allocator-block-size=33554432"
    "memorysetup-profiler-bucket-allocator-block-count=8"
    "memorysetup-profiler-allocator-block-size=16777216"
    "memorysetup-profiler-editor-allocator-block-size=1048576"
    "memorysetup-temp-allocator-size-main=16777216"
    "memorysetup-job-temp-allocator-block-size=2097152"
    "memorysetup-job-temp-allocator-block-size-background=1048576"
    "memorysetup-job-temp-allocator-reduction-small-platforms=262144"
    "memorysetup-temp-allocator-size-background-worker=32768"
    "memorysetup-temp-allocator-size-job-worker=262144"
    "memorysetup-temp-allocator-size-preload-manager=33554432"
    "memorysetup-temp-allocator-size-nav-mesh-worker=65536"
    "memorysetup-temp-allocator-size-audio-worker=65536"
    "memorysetup-temp-allocator-size-cloud-worker=32768"
    "memorysetup-temp-allocator-size-gi-baking-worker=262144"
    "memorysetup-temp-allocator-size-gfx=262144"
Refreshing native plugins compatible for Editor in 115.94 ms, found 4 plugins.
Preloading 0 native plugins for Editor in 0.00 ms.
Initialize engine version: 2021.3.6f1 (7da38d85baf6)
[Subsystems] Discovering subsystems at path G:/Programas/Unity/2021.3.6f1/Editor/Data/Resources/UnitySubsystems
[Subsystems] Discovering subsystems at path D:/GitHub Proyects/Code_PlaneFall/PlaneFall/Assets
GfxDevice: creating device client; threaded=0; jobified=0
Direct3D:
    Version:  Direct3D 11.0 [level 11.1]
    Renderer: NVIDIA GeForce GTX 1070 (ID=0x1b81)
    Vendor:   NVIDIA
    VRAM:     8088 MB
    Driver:   31.0.15.1659
Initialize mono
Mono path[0] = 'G:/Programas/Unity/2021.3.6f1/Editor/Data/Managed'
Mono path[1] = 'G:/Programas/Unity/2021.3.6f1/Editor/Data/MonoBleedingEdge/lib/mono/unityjit-win32'
Mono config path = 'G:/Programas/Unity/2021.3.6f1/Editor/Data/MonoBleedingEdge/etc'
Using monoOptions --debugger-agent=transport=dt_socket,embedding=1,server=y,suspend=n,address=127.0.0.1:56676
Begin MonoManager ReloadAssembly
Registering precompiled unity dll's ...
Register platform support module: G:/Programas/Unity/2021.3.6f1/Editor/Data/PlaybackEngines/AndroidPlayer/UnityEditor.Android.Extensions.dll
Register platform support module: G:/Programas/Unity/2021.3.6f1/Editor/Data/PlaybackEngines/WindowsStandaloneSupport/UnityEditor.WindowsStandalone.Extensions.dll
Registered in 0.002981 seconds.
Native extension for WindowsStandalone target not found
Native extension for Android target not found
Refreshing native plugins compatible for Editor in 105.36 ms, found 4 plugins.
Preloading 0 native plugins for Editor in 0.00 ms.
Mono: successfully reloaded assembly
- Completed reload, in  0.597 seconds
Domain Reload Profiling:
	ReloadAssembly (597ms)
		BeginReloadAssembly (70ms)
			ExecutionOrderSort (0ms)
			DisableScriptedObjects (0ms)
			BackupInstance (0ms)
			ReleaseScriptingObjects (0ms)
			CreateAndSetChildDomain (1ms)
		EndReloadAssembly (433ms)
			LoadAssemblies (69ms)
			RebuildTransferFunctionScriptingTraits (0ms)
			SetupTypeCache (91ms)
			ReleaseScriptCaches (0ms)
			RebuildScriptCaches (22ms)
			SetupLoadedEditorAssemblies (279ms)
				LogAssemblyErrors (0ms)
				InitializePlatformSupportModulesInManaged (47ms)
				SetLoadedEditorAssemblies (0ms)
				RefreshPlugins (105ms)
				BeforeProcessingInitializeOnLoad (1ms)
				ProcessInitializeOnLoadAttributes (87ms)
				ProcessInitializeOnLoadMethodAttributes (39ms)
				AfterProcessingInitializeOnLoad (0ms)
				EditorAssembliesLoaded (0ms)
			ExecutionOrderSort2 (0ms)
			AwakeInstancesAfterBackupRestoration (0ms)
Platform modules already initialized, skipping
Registering precompiled user dll's ...
Registered in 0.005926 seconds.
Begin MonoManager ReloadAssembly
Symbol file LoadedFromMemory doesn't match image D:\GitHub Proyects\Code_PlaneFall\PlaneFall\Library\PackageCache\com.unity.visualscripting@1.7.8\Editor\VisualScripting.Core\Dependencies\YamlDotNet\Unity.VisualScripting.YamlDotNet.dll
Symbol file LoadedFromMemory doesn't match image D:\GitHub Proyects\Code_PlaneFall\PlaneFall\Library\PackageCache\com.unity.visualscripting@1.7.8\Editor\VisualScripting.Core\Dependencies\DotNetZip\Unity.VisualScripting.IonicZip.dll
Native extension for WindowsStandalone target not found
Native extension for Android target not found
Refreshing native plugins compatible for Editor in 97.17 ms, found 4 plugins.
Preloading 0 native plugins for Editor in 0.00 ms.
Mono: successfully reloaded assembly
Package Manager log level set to [2]
- Completed reload, in  1.129 seconds
Domain Reload Profiling:
	ReloadAssembly (1129ms)
		BeginReloadAssembly (200ms)
			ExecutionOrderSort (0ms)
			DisableScriptedObjects (5ms)
			BackupInstance (0ms)
			ReleaseScriptingObjects (0ms)
			CreateAndSetChildDomain (124ms)
		EndReloadAssembly (831ms)
			LoadAssemblies (77ms)
			RebuildTransferFunctionScriptingTraits (0ms)
			SetupTypeCache (214ms)
			ReleaseScriptCaches (1ms)
			RebuildScriptCaches (53ms)
			SetupLoadedEditorAssemblies (447ms)
				LogAssemblyErrors (0ms)
				InitializePlatformSupportModulesInManaged (10ms)
				SetLoadedEditorAssemblies (0ms)
				RefreshPlugins (97ms)
				BeforeProcessingInitializeOnLoad (99ms)
				ProcessInitializeOnLoadAttributes (203ms)
				ProcessInitializeOnLoadMethodAttributes (35ms)
				AfterProcessingInitializeOnLoad (3ms)
				EditorAssembliesLoaded (0ms)
			ExecutionOrderSort2 (0ms)
			AwakeInstancesAfterBackupRestoration (5ms)
Platform modules already initialized, skipping
========================================================================
Worker process is ready to serve import requests
Launched and connected shader compiler UnityShaderCompiler.exe after 0.04 seconds
Refreshing native plugins compatible for Editor in 0.85 ms, found 4 plugins.
Preloading 0 native plugins for Editor in 0.00 ms.
Unloading 4414 Unused Serialized files (Serialized files now loaded: 0)
Unloading 72 unused Assets / (1.5 MB). Loaded Objects now: 4838.
Memory consumption went from 169.7 MB to 168.2 MB.
Total: 3.561600 ms (FindLiveObjects: 0.409000 ms CreateObjectMapping: 0.192800 ms MarkObjects: 2.588500 ms  DeleteObjects: 0.370300 ms)

AssetImportParameters requested are different than current active one (requested -> active):
  custom:video-decoder-ogg-theora: a1e56fd34408186e4bbccfd4996cb3dc -> 
  custom:container-muxer-webm: aa71ff27fc2769a1b78a27578f13a17b -> 
  custom:container-demuxer-webm: 4f35f7cbe854078d1ac9338744f61a02 -> 
  custom:video-encoder-webm-vp8: eb34c28f22e8b96e1ab97ce403110664 -> 
  custom:audio-encoder-webm-vorbis: bf7c407c2cedff20999df2af8eb42d56 -> 
  custom:framework-win-MediaFoundation: 216162199b28c13a410421893ffa2e32 -> 
  custom:container-demuxer-ogg: 62fdf1f143b41e24485cea50d1cbac27 -> 
  custom:video-decoder-webm-vp8: 9c59270c3fd7afecdb556c50c9e8de78 -> 
  custom:audio-decoder-ogg-vorbis: bf7c407c2cedff20999df2af8eb42d56 -> 
========================================================================
Received Import Request.
  Time since last request: 11937.351524 seconds.
  path: Assets/Resources/Sprites/PowerUps/pill_blue.png
  artifactKey: Guid(d8273333a5e67974e8569f0832c64059) Importer(815301076,1909f56bfc062723c751e8b465ee728b)
Start importing Assets/Resources/Sprites/PowerUps/pill_blue.png using Guid(d8273333a5e67974e8569f0832c64059) Importer(815301076,1909f56bfc062723c751e8b465ee728b)  -> (artifact id: '6de65723b38582d5a32b45b6263a4f12') in 0.177789 seconds 
========================================================================
Received Import Request.
  Time since last request: 0.000026 seconds.
  path: Assets/Resources/Sprites/PowerUps/starSilver.png
  artifactKey: Guid(2f637ad5d1593ac4c8b1b59e3ba61275) Importer(815301076,1909f56bfc062723c751e8b465ee728b)
Start importing Assets/Resources/Sprites/PowerUps/starSilver.png using Guid(2f637ad5d1593ac4c8b1b59e3ba61275) Importer(815301076,1909f56bfc062723c751e8b465ee728b)  -> (artifact id: '293b2d73611e6b86ae2ff4014d557b39') in 0.013724 seconds 
========================================================================
Received Import Request.
  Time since last request: 0.000023 seconds.
  path: Assets/Resources/Sprites/PowerUps/shield_silver.png
  artifactKey: Guid(46589ed9ced3fa84897dd7e403511506) Importer(815301076,1909f56bfc062723c751e8b465ee728b)
Start importing Assets/Resources/Sprites/PowerUps/shield_silver.png using Guid(46589ed9ced3fa84897dd7e403511506) Importer(815301076,1909f56bfc062723c751e8b465ee728b)  -> (artifact id: '71be72f18f0ab5026306e19fe2ff2d4c') in 0.012459 seconds 
========================================================================
Received Import Request.
  Time since last request: 0.000023 seconds.
  path: Assets/Resources/Sprites/PowerUps/shield_gold.png
  artifactKey: Guid(cf788ed7595ce6045949f09b3685190e) Importer(815301076,1909f56bfc062723c751e8b465ee728b)
Start importing Assets/Resources/Sprites/PowerUps/shield_gold.png using Guid(cf788ed7595ce6045949f09b3685190e) Importer(815301076,1909f56bfc062723c751e8b465ee728b)  -> (artifact id: '635e8b04731bcae96d8427a8e91bf9bc') in 0.009848 seconds 
========================================================================
Received Import Request.
  Time since last request: 13.203062 seconds.
  path: Assets/Resources/Sprites/Meteors/meteorBrown_big4.png
  artifactKey: Guid(df0de719cd91acd46b649c9ddeea32c6) Importer(815301076,1909f56bfc062723c751e8b465ee728b)
Start importing Assets/Resources/Sprites/Meteors/meteorBrown_big4.png using Guid(df0de719cd91acd46b649c9ddeea32c6) Importer(815301076,1909f56bfc062723c751e8b465ee728b)  -> (artifact id: 'b362552db75074d016afdc1e5e2ce29d') in 0.029206 seconds 
========================================================================
Received Import Request.
  Time since last request: 0.000016 seconds.
  path: Assets/Resources/Sprites/Meteors/meteorBrown_med1.png
  artifactKey: Guid(34b7afd9001ca0e4481daf156066acde) Importer(815301076,1909f56bfc062723c751e8b465ee728b)
Start importing Assets/Resources/Sprites/Meteors/meteorBrown_med1.png using Guid(34b7afd9001ca0e4481daf156066acde) Importer(815301076,1909f56bfc062723c751e8b465ee728b)  -> (artifact id: '6366e2bc14b075a10d3119098b2bf9d0') in 0.014627 seconds 
========================================================================
Received Import Request.
  Time since last request: 0.000019 seconds.
  path: Assets/Resources/Sprites/Meteors/meteorGrey_big3.png
  artifactKey: Guid(8d92cb9e376fb004f8cba6d2b3c05b05) Importer(815301076,1909f56bfc062723c751e8b465ee728b)
Start importing Assets/Resources/Sprites/Meteors/meteorGrey_big3.png using Guid(8d92cb9e376fb004f8cba6d2b3c05b05) Importer(815301076,1909f56bfc062723c751e8b465ee728b)  -> (artifact id: 'b1c678b93bc773fa2cb103ad546b387a') in 0.012734 seconds 
========================================================================
Received Import Request.
  Time since last request: 1.804771 seconds.
  path: Assets/Resources/Sprites/Enemies/enemyBlack4.png
  artifactKey: Guid(6c43f7b7afb130c4697597d64baa1d01) Importer(815301076,1909f56bfc062723c751e8b465ee728b)
Start importing Assets/Resources/Sprites/Enemies/enemyBlack4.png using Guid(6c43f7b7afb130c4697597d64baa1d01) Importer(815301076,1909f56bfc062723c751e8b465ee728b)  -> (artifact id: '7716f1b923525652bc14c275e4c34cfe') in 0.013046 seconds 
========================================================================
Received Import Request.
  Time since last request: 0.000017 seconds.
  path: Assets/Resources/Sprites/Enemies/playerShip1_red.png
  artifactKey: Guid(ab38f67464438c247bafc80477ca20af) Importer(815301076,1909f56bfc062723c751e8b465ee728b)
Start importing Assets/Resources/Sprites/Enemies/playerShip1_red.png using Guid(ab38f67464438c247bafc80477ca20af) Importer(815301076,1909f56bfc062723c751e8b465ee728b)  -> (artifact id: 'f090b416d1bca2ed9ca3a5594457091b') in 0.012260 seconds 
========================================================================
Received Import Request.
  Time since last request: 0.000013 seconds.
  path: Assets/Resources/Sprites/Enemies/enemyRed3.png
  artifactKey: Guid(328089b1e7b5d004088810ebe8de0495) Importer(815301076,1909f56bfc062723c751e8b465ee728b)
Start importing Assets/Resources/Sprites/Enemies/enemyRed3.png using Guid(328089b1e7b5d004088810ebe8de0495) Importer(815301076,1909f56bfc062723c751e8b465ee728b)  -> (artifact id: 'd62cec90d4937bd7827680d865f38847') in 0.013753 seconds 
========================================================================
Received Import Request.
  Time since last request: 0.000014 seconds.
  path: Assets/Resources/Sprites/Enemies/playerShip2_red.png
  artifactKey: Guid(0956422c086ea5b4e836ae7bf172c7a4) Importer(815301076,1909f56bfc062723c751e8b465ee728b)
Start importing Assets/Resources/Sprites/Enemies/playerShip2_red.png using Guid(0956422c086ea5b4e836ae7bf172c7a4) Importer(815301076,1909f56bfc062723c751e8b465ee728b)  -> (artifact id: '30686c4eed3529e686c9437ca5a116f4') in 0.013642 seconds 
========================================================================
Received Import Request.
  Time since last request: 0.000028 seconds.
  path: Assets/Resources/Sprites/Enemies/enemyBlue2.png
  artifactKey: Guid(00ce1a2936bcc2f42b0ff27793b58b7e) Importer(815301076,1909f56bfc062723c751e8b465ee728b)
Start importing Assets/Resources/Sprites/Enemies/enemyBlue2.png using Guid(00ce1a2936bcc2f42b0ff27793b58b7e) Importer(815301076,1909f56bfc062723c751e8b465ee728b)  -> (artifact id: 'd7ee091d4ebf9c2f5ffc0bc08b168534') in 0.011268 seconds 
========================================================================
Received Import Request.
  Time since last request: 0.000022 seconds.
  path: Assets/Resources/Sprites/Enemies/enemyGreen3.png
  artifactKey: Guid(0036ec6ea3bdd61418cb042b592e7d79) Importer(815301076,1909f56bfc062723c751e8b465ee728b)
Start importing Assets/Resources/Sprites/Enemies/enemyGreen3.png using Guid(0036ec6ea3bdd61418cb042b592e7d79) Importer(815301076,1909f56bfc062723c751e8b465ee728b)  -> (artifact id: '1362902dfa142b192f3e1582f4d3aa69') in 0.010203 seconds 
========================================================================
Received Import Request.
  Time since last request: 0.000026 seconds.
  path: Assets/Resources/Sprites/Enemies/enemyGreen5.png
  artifactKey: Guid(d97848280e5d7c64c8605b90e7cf32ba) Importer(815301076,1909f56bfc062723c751e8b465ee728b)
Start importing Assets/Resources/Sprites/Enemies/enemyGreen5.png using Guid(d97848280e5d7c64c8605b90e7cf32ba) Importer(815301076,1909f56bfc062723c751e8b465ee728b)  -> (artifact id: '52c339b2675050c419775860f56a63c8') in 0.013488 seconds 
========================================================================
Received Import Request.
  Time since last request: 0.000020 seconds.
  path: Assets/Resources/Sprites/Enemies/planeBlue1.png
  artifactKey: Guid(5e0779faafcb79e4c95244cbfc585bc8) Importer(815301076,1909f56bfc062723c751e8b465ee728b)
Start importing Assets/Resources/Sprites/Enemies/planeBlue1.png using Guid(5e0779faafcb79e4c95244cbfc585bc8) Importer(815301076,1909f56bfc062723c751e8b465ee728b)  -> (artifact id: 'd90053967a41aa2242b9efc869d56c52') in 0.014354 seconds 
========================================================================
Received Import Request.
  Time since last request: 0.000020 seconds.
  path: Assets/Resources/Sprites/Enemies/planeRed1.png
  artifactKey: Guid(66bbf41b5b16c764ab3ea2fa1ba30435) Importer(815301076,1909f56bfc062723c751e8b465ee728b)
Start importing Assets/Resources/Sprites/Enemies/planeRed1.png using Guid(66bbf41b5b16c764ab3ea2fa1ba30435) Importer(815301076,1909f56bfc062723c751e8b465ee728b)  -> (artifact id: 'b1f889b3305ed24f0e96d098fdf27d9c') in 0.026123 seconds 
========================================================================
Received Import Request.
  Time since last request: 0.000018 seconds.
  path: Assets/Resources/Sprites/Enemies/playerShip3_green.png
  artifactKey: Guid(721abf8e60a9d114887104485be5661f) Importer(815301076,1909f56bfc062723c751e8b465ee728b)
Start importing Assets/Resources/Sprites/Enemies/playerShip3_green.png using Guid(721abf8e60a9d114887104485be5661f) Importer(815301076,1909f56bfc062723c751e8b465ee728b)  -> (artifact id: 'fb32a7f82c757dec6e580360d970666d') in 0.012129 seconds 
========================================================================
Received Import Request.
  Time since last request: 0.000020 seconds.
  path: Assets/Resources/Sprites/Enemies/enemyBlue5.png
  artifactKey: Guid(ec4f21a7f4a978d499bec1852927a886) Importer(815301076,1909f56bfc062723c751e8b465ee728b)
Start importing Assets/Resources/Sprites/Enemies/enemyBlue5.png using Guid(ec4f21a7f4a978d499bec1852927a886) Importer(815301076,1909f56bfc062723c751e8b465ee728b)  -> (artifact id: '6e48235400ba19d887bcd03ef0544c14') in 0.010966 seconds 
