Using pre-set license
Built from '2021.3/staging' branch; Version is '2021.3.6f1 (7da38d85baf6) revision 8233869'; Using compiler version '192829333'; Build Type 'Release'
OS: 'Windows 10  (10.0.19044) 64bit Professional' Language: 'es' Physical Memory: 16332 MB
BatchMode: 1, IsHumanControllingUs: 0, StartBugReporterOnCrash: 0, Is64bit: 1, IsPro: 1

COMMAND LINE ARGUMENTS:
G:\Programas\Unity\2021.3.6f1\Editor\Unity.exe
-adb2
-batchMode
-noUpm
-name
AssetImportWorker3
-projectPath
D:/GitHub Proyects/Code_PlaneFall/PlaneFall
-logFile
Logs/AssetImportWorker3.log
-srvPort
57802
Successfully changed project path to: D:/GitHub Proyects/Code_PlaneFall/PlaneFall
D:/GitHub Proyects/Code_PlaneFall/PlaneFall
[UnityMemory] Configuration Parameters - Can be set up in boot.config
    "memorysetup-bucket-allocator-granularity=16"
    "memorysetup-bucket-allocator-bucket-count=8"
    "memorysetup-bucket-allocator-block-size=33554432"
    "memorysetup-bucket-allocator-block-count=8"
    "memorysetup-main-allocator-block-size=16777216"
    "memorysetup-thread-allocator-block-size=16777216"
    "memorysetup-gfx-main-allocator-block-size=16777216"
    "memorysetup-gfx-thread-allocator-block-size=16777216"
    "memorysetup-cache-allocator-block-size=4194304"
    "memorysetup-typetree-allocator-block-size=2097152"
    "memorysetup-profiler-bucket-allocator-granularity=16"
    "memorysetup-profiler-bucket-allocator-bucket-count=8"
    "memorysetup-profiler-bucket-allocator-block-size=33554432"
    "memorysetup-profiler-bucket-allocator-block-count=8"
    "memorysetup-profiler-allocator-block-size=16777216"
    "memorysetup-profiler-editor-allocator-block-size=1048576"
    "memorysetup-temp-allocator-size-main=16777216"
    "memorysetup-job-temp-allocator-block-size=2097152"
    "memorysetup-job-temp-allocator-block-size-background=1048576"
    "memorysetup-job-temp-allocator-reduction-small-platforms=262144"
    "memorysetup-temp-allocator-size-background-worker=32768"
    "memorysetup-temp-allocator-size-job-worker=262144"
    "memorysetup-temp-allocator-size-preload-manager=33554432"
    "memorysetup-temp-allocator-size-nav-mesh-worker=65536"
    "memorysetup-temp-allocator-size-audio-worker=65536"
    "memorysetup-temp-allocator-size-cloud-worker=32768"
    "memorysetup-temp-allocator-size-gi-baking-worker=262144"
    "memorysetup-temp-allocator-size-gfx=262144"
Refreshing native plugins compatible for Editor in 107.02 ms, found 4 plugins.
Preloading 0 native plugins for Editor in 0.00 ms.
Initialize engine version: 2021.3.6f1 (7da38d85baf6)
[Subsystems] Discovering subsystems at path G:/Programas/Unity/2021.3.6f1/Editor/Data/Resources/UnitySubsystems
[Subsystems] Discovering subsystems at path D:/GitHub Proyects/Code_PlaneFall/PlaneFall/Assets
GfxDevice: creating device client; threaded=0; jobified=0
Direct3D:
    Version:  Direct3D 11.0 [level 11.1]
    Renderer: NVIDIA GeForce GTX 1070 (ID=0x1b81)
    Vendor:   NVIDIA
    VRAM:     8088 MB
    Driver:   31.0.15.1659
Initialize mono
Mono path[0] = 'G:/Programas/Unity/2021.3.6f1/Editor/Data/Managed'
Mono path[1] = 'G:/Programas/Unity/2021.3.6f1/Editor/Data/MonoBleedingEdge/lib/mono/unityjit-win32'
Mono config path = 'G:/Programas/Unity/2021.3.6f1/Editor/Data/MonoBleedingEdge/etc'
Using monoOptions --debugger-agent=transport=dt_socket,embedding=1,server=y,suspend=n,address=127.0.0.1:56336
Begin MonoManager ReloadAssembly
Registering precompiled unity dll's ...
Register platform support module: G:/Programas/Unity/2021.3.6f1/Editor/Data/PlaybackEngines/AndroidPlayer/UnityEditor.Android.Extensions.dll
Register platform support module: G:/Programas/Unity/2021.3.6f1/Editor/Data/PlaybackEngines/WindowsStandaloneSupport/UnityEditor.WindowsStandalone.Extensions.dll
Registered in 0.003034 seconds.
Native extension for WindowsStandalone target not found
Native extension for Android target not found
Refreshing native plugins compatible for Editor in 100.10 ms, found 4 plugins.
Preloading 0 native plugins for Editor in 0.00 ms.
Mono: successfully reloaded assembly
- Completed reload, in  0.581 seconds
Domain Reload Profiling:
	ReloadAssembly (582ms)
		BeginReloadAssembly (62ms)
			ExecutionOrderSort (0ms)
			DisableScriptedObjects (0ms)
			BackupInstance (0ms)
			ReleaseScriptingObjects (0ms)
			CreateAndSetChildDomain (1ms)
		EndReloadAssembly (432ms)
			LoadAssemblies (62ms)
			RebuildTransferFunctionScriptingTraits (0ms)
			SetupTypeCache (94ms)
			ReleaseScriptCaches (0ms)
			RebuildScriptCaches (24ms)
			SetupLoadedEditorAssemblies (273ms)
				LogAssemblyErrors (0ms)
				InitializePlatformSupportModulesInManaged (46ms)
				SetLoadedEditorAssemblies (0ms)
				RefreshPlugins (100ms)
				BeforeProcessingInitializeOnLoad (1ms)
				ProcessInitializeOnLoadAttributes (86ms)
				ProcessInitializeOnLoadMethodAttributes (38ms)
				AfterProcessingInitializeOnLoad (0ms)
				EditorAssembliesLoaded (0ms)
			ExecutionOrderSort2 (0ms)
			AwakeInstancesAfterBackupRestoration (0ms)
Platform modules already initialized, skipping
Registering precompiled user dll's ...
Registered in 0.008264 seconds.
Begin MonoManager ReloadAssembly
Symbol file LoadedFromMemory doesn't match image D:\GitHub Proyects\Code_PlaneFall\PlaneFall\Library\PackageCache\com.unity.visualscripting@1.7.8\Editor\VisualScripting.Core\Dependencies\YamlDotNet\Unity.VisualScripting.YamlDotNet.dll
Symbol file LoadedFromMemory doesn't match image D:\GitHub Proyects\Code_PlaneFall\PlaneFall\Library\PackageCache\com.unity.visualscripting@1.7.8\Editor\VisualScripting.Core\Dependencies\DotNetZip\Unity.VisualScripting.IonicZip.dll
Native extension for WindowsStandalone target not found
Native extension for Android target not found
Refreshing native plugins compatible for Editor in 111.09 ms, found 4 plugins.
Preloading 0 native plugins for Editor in 0.00 ms.
Mono: successfully reloaded assembly
Package Manager log level set to [2]
- Completed reload, in  1.278 seconds
Domain Reload Profiling:
	ReloadAssembly (1279ms)
		BeginReloadAssembly (208ms)
			ExecutionOrderSort (0ms)
			DisableScriptedObjects (5ms)
			BackupInstance (0ms)
			ReleaseScriptingObjects (0ms)
			CreateAndSetChildDomain (129ms)
		EndReloadAssembly (969ms)
			LoadAssemblies (80ms)
			RebuildTransferFunctionScriptingTraits (0ms)
			SetupTypeCache (267ms)
			ReleaseScriptCaches (1ms)
			RebuildScriptCaches (68ms)
			SetupLoadedEditorAssemblies (499ms)
				LogAssemblyErrors (0ms)
				InitializePlatformSupportModulesInManaged (10ms)
				SetLoadedEditorAssemblies (0ms)
				RefreshPlugins (111ms)
				BeforeProcessingInitializeOnLoad (103ms)
				ProcessInitializeOnLoadAttributes (235ms)
				ProcessInitializeOnLoadMethodAttributes (35ms)
				AfterProcessingInitializeOnLoad (4ms)
				EditorAssembliesLoaded (0ms)
			ExecutionOrderSort2 (0ms)
			AwakeInstancesAfterBackupRestoration (6ms)
Platform modules already initialized, skipping
========================================================================
Worker process is ready to serve import requests
Launched and connected shader compiler UnityShaderCompiler.exe after 0.05 seconds
Refreshing native plugins compatible for Editor in 1.36 ms, found 4 plugins.
Preloading 0 native plugins for Editor in 0.00 ms.
Unloading 4414 Unused Serialized files (Serialized files now loaded: 0)
Unloading 72 unused Assets / (1.5 MB). Loaded Objects now: 4838.
Memory consumption went from 169.6 MB to 168.2 MB.
Total: 3.756400 ms (FindLiveObjects: 0.372500 ms CreateObjectMapping: 0.120800 ms MarkObjects: 2.736600 ms  DeleteObjects: 0.525300 ms)

AssetImportParameters requested are different than current active one (requested -> active):
  custom:video-decoder-ogg-theora: a1e56fd34408186e4bbccfd4996cb3dc -> 
  custom:container-muxer-webm: aa71ff27fc2769a1b78a27578f13a17b -> 
  custom:container-demuxer-webm: 4f35f7cbe854078d1ac9338744f61a02 -> 
  custom:video-encoder-webm-vp8: eb34c28f22e8b96e1ab97ce403110664 -> 
  custom:audio-encoder-webm-vorbis: bf7c407c2cedff20999df2af8eb42d56 -> 
  custom:framework-win-MediaFoundation: 216162199b28c13a410421893ffa2e32 -> 
  custom:container-demuxer-ogg: 62fdf1f143b41e24485cea50d1cbac27 -> 
  custom:video-decoder-webm-vp8: 9c59270c3fd7afecdb556c50c9e8de78 -> 
  custom:audio-decoder-ogg-vorbis: bf7c407c2cedff20999df2af8eb42d56 -> 
========================================================================
Received Import Request.
  Time since last request: 9066.943199 seconds.
  path: Assets/Resources/Sprites/HUD/shoppingCart.png
  artifactKey: Guid(6f5cbb0d6a2f6bb408ef1ce254bb1d41) Importer(815301076,1909f56bfc062723c751e8b465ee728b)
Start importing Assets/Resources/Sprites/HUD/shoppingCart.png using Guid(6f5cbb0d6a2f6bb408ef1ce254bb1d41) Importer(815301076,1909f56bfc062723c751e8b465ee728b)  -> (artifact id: 'eda0bee908d38a827905098217ab16c4') in 0.116464 seconds 
========================================================================
Received Import Request.
  Time since last request: 0.000026 seconds.
  path: Assets/Resources/Sprites/HUD/import.png
  artifactKey: Guid(f699433dedb07374d91f71dfe2fcb585) Importer(815301076,1909f56bfc062723c751e8b465ee728b)
Start importing Assets/Resources/Sprites/HUD/import.png using Guid(f699433dedb07374d91f71dfe2fcb585) Importer(815301076,1909f56bfc062723c751e8b465ee728b)  -> (artifact id: '2628fbbd13690f735599aa15b8259e40') in 0.011770 seconds 
========================================================================
Received Import Request.
  Time since last request: 0.000018 seconds.
  path: Assets/Resources/Sprites/HUD/buttonA.png
  artifactKey: Guid(dd65278fbaeec7b4b8555c69691ff720) Importer(815301076,1909f56bfc062723c751e8b465ee728b)
Start importing Assets/Resources/Sprites/HUD/buttonA.png using Guid(dd65278fbaeec7b4b8555c69691ff720) Importer(815301076,1909f56bfc062723c751e8b465ee728b)  -> (artifact id: 'c8462d9201000afdfb0c4e5db8e29781') in 0.010457 seconds 
========================================================================
Received Import Request.
  Time since last request: 0.000018 seconds.
  path: Assets/Resources/Sprites/HUD/button3.png
  artifactKey: Guid(796bba100d0d59e42aa1a66d7280a151) Importer(815301076,1909f56bfc062723c751e8b465ee728b)
Start importing Assets/Resources/Sprites/HUD/button3.png using Guid(796bba100d0d59e42aa1a66d7280a151) Importer(815301076,1909f56bfc062723c751e8b465ee728b)  -> (artifact id: 'd50e8bad5c4014ddf84c622a5385db51') in 0.010639 seconds 
========================================================================
Received Import Request.
  Time since last request: 0.000025 seconds.
  path: Assets/Resources/Sprites/HUD/arrowDown.png
  artifactKey: Guid(f9902259763046e41bdbe80a0e0d2d0c) Importer(815301076,1909f56bfc062723c751e8b465ee728b)
Start importing Assets/Resources/Sprites/HUD/arrowDown.png using Guid(f9902259763046e41bdbe80a0e0d2d0c) Importer(815301076,1909f56bfc062723c751e8b465ee728b)  -> (artifact id: '25653522f24da39b3d7db3c671b40aa3') in 0.010818 seconds 
========================================================================
Received Import Request.
  Time since last request: 0.000030 seconds.
  path: Assets/Resources/Sprites/HUD/buttonStart.png
  artifactKey: Guid(25c06657ed45713408c112f2843fd96a) Importer(815301076,1909f56bfc062723c751e8b465ee728b)
Start importing Assets/Resources/Sprites/HUD/buttonStart.png using Guid(25c06657ed45713408c112f2843fd96a) Importer(815301076,1909f56bfc062723c751e8b465ee728b)  -> (artifact id: '259856abdcafb5beaeb7d99aad6628a1') in 0.010679 seconds 
========================================================================
Received Import Request.
  Time since last request: 0.000034 seconds.
  path: Assets/Resources/Sprites/HUD/leaderboardsComplex.png
  artifactKey: Guid(90abea3e1be638848a3bf06b6b6fac99) Importer(815301076,1909f56bfc062723c751e8b465ee728b)
Start importing Assets/Resources/Sprites/HUD/leaderboardsComplex.png using Guid(90abea3e1be638848a3bf06b6b6fac99) Importer(815301076,1909f56bfc062723c751e8b465ee728b)  -> (artifact id: 'eabe4e3d098a26b6d6613d1290727118') in 0.011995 seconds 
========================================================================
Received Import Request.
  Time since last request: 0.000037 seconds.
  path: Assets/Resources/Sprites/HUD/signal2.png
  artifactKey: Guid(e3d8364b092ca464889eed0d94a9ccc1) Importer(815301076,1909f56bfc062723c751e8b465ee728b)
Start importing Assets/Resources/Sprites/HUD/signal2.png using Guid(e3d8364b092ca464889eed0d94a9ccc1) Importer(815301076,1909f56bfc062723c751e8b465ee728b)  -> (artifact id: 'ca73ad099b25a761fcc8efa3838fd61b') in 0.009485 seconds 
========================================================================
Received Import Request.
  Time since last request: 0.000023 seconds.
  path: Assets/Resources/Sprites/HUD/movie.png
  artifactKey: Guid(5f8a7d3fb170f2e4b92ccfe5ef8ae40c) Importer(815301076,1909f56bfc062723c751e8b465ee728b)
Start importing Assets/Resources/Sprites/HUD/movie.png using Guid(5f8a7d3fb170f2e4b92ccfe5ef8ae40c) Importer(815301076,1909f56bfc062723c751e8b465ee728b)  -> (artifact id: '2c7103f7de5cf0a899337afc7dd0e1d5') in 0.041663 seconds 
========================================================================
Received Import Request.
  Time since last request: 0.000015 seconds.
  path: Assets/Resources/Sprites/HUD/medal2.png
  artifactKey: Guid(0a9c706a56262b948b9b011ebfa3fa0d) Importer(815301076,1909f56bfc062723c751e8b465ee728b)
Start importing Assets/Resources/Sprites/HUD/medal2.png using Guid(0a9c706a56262b948b9b011ebfa3fa0d) Importer(815301076,1909f56bfc062723c751e8b465ee728b)  -> (artifact id: '482e40ce50b64d8cb0d191557425e672') in 0.009787 seconds 
========================================================================
Received Import Request.
  Time since last request: 0.000019 seconds.
  path: Assets/Resources/Sprites/HUD/massiveMultiplayer.png
  artifactKey: Guid(82c7a53280236c24aac7bdd128474ac0) Importer(815301076,1909f56bfc062723c751e8b465ee728b)
Start importing Assets/Resources/Sprites/HUD/massiveMultiplayer.png using Guid(82c7a53280236c24aac7bdd128474ac0) Importer(815301076,1909f56bfc062723c751e8b465ee728b)  -> (artifact id: '1a7f586dc757ed90f328012b3bf9de96') in 0.011628 seconds 
========================================================================
Received Import Request.
  Time since last request: 0.000013 seconds.
  path: Assets/Resources/Sprites/HUD/previous.png
  artifactKey: Guid(d50b38d7d10388840b4c2803d78ab9e2) Importer(815301076,1909f56bfc062723c751e8b465ee728b)
Start importing Assets/Resources/Sprites/HUD/previous.png using Guid(d50b38d7d10388840b4c2803d78ab9e2) Importer(815301076,1909f56bfc062723c751e8b465ee728b)  -> (artifact id: 'f0eedbb2718f0e7d5c1fa2a595284e62') in 0.019139 seconds 
========================================================================
Received Import Request.
  Time since last request: 0.000024 seconds.
  path: Assets/Resources/Sprites/HUD/locked.png
  artifactKey: Guid(5abc1aeb14f9b044992159806c1d40d0) Importer(815301076,1909f56bfc062723c751e8b465ee728b)
Start importing Assets/Resources/Sprites/HUD/locked.png using Guid(5abc1aeb14f9b044992159806c1d40d0) Importer(815301076,1909f56bfc062723c751e8b465ee728b)  -> (artifact id: '53c9e51f06a71a742af2c51ca8a697df') in 0.009486 seconds 
========================================================================
Received Import Request.
  Time since last request: 0.000022 seconds.
  path: Assets/Resources/Sprites/HUD/star.png
  artifactKey: Guid(8941206151ea73c4c85c4784d31638e6) Importer(815301076,1909f56bfc062723c751e8b465ee728b)
Start importing Assets/Resources/Sprites/HUD/star.png using Guid(8941206151ea73c4c85c4784d31638e6) Importer(815301076,1909f56bfc062723c751e8b465ee728b)  -> (artifact id: '43c717e16fa0519312776566e2074b9e') in 0.012074 seconds 
========================================================================
Received Import Request.
  Time since last request: 0.000021 seconds.
  path: Assets/Resources/Sprites/HUD/information.png
  artifactKey: Guid(77908d622ec3687499c309b8537ccd09) Importer(815301076,1909f56bfc062723c751e8b465ee728b)
Start importing Assets/Resources/Sprites/HUD/information.png using Guid(77908d622ec3687499c309b8537ccd09) Importer(815301076,1909f56bfc062723c751e8b465ee728b)  -> (artifact id: '2c6c2c99723425504de1dd5380f2f188') in 0.010121 seconds 
========================================================================
Received Import Request.
  Time since last request: 0.000030 seconds.
  path: Assets/Resources/Sprites/HUD/contrast.png
  artifactKey: Guid(afedc3ee490329e409494f473d699a75) Importer(815301076,1909f56bfc062723c751e8b465ee728b)
Start importing Assets/Resources/Sprites/HUD/contrast.png using Guid(afedc3ee490329e409494f473d699a75) Importer(815301076,1909f56bfc062723c751e8b465ee728b)  -> (artifact id: '2b229a117f5e9b2ac1dbe1088343d5d4') in 0.011648 seconds 
========================================================================
Received Import Request.
  Time since last request: 0.000032 seconds.
  path: Assets/Resources/Sprites/HUD/buttonR.png
  artifactKey: Guid(96cd19b9d1aecb84788ecd0c964a159d) Importer(815301076,1909f56bfc062723c751e8b465ee728b)
Start importing Assets/Resources/Sprites/HUD/buttonR.png using Guid(96cd19b9d1aecb84788ecd0c964a159d) Importer(815301076,1909f56bfc062723c751e8b465ee728b)  -> (artifact id: '83130ce350093c4d7cd9b2a7774e04eb') in 0.021477 seconds 
========================================================================
Received Import Request.
  Time since last request: 0.000024 seconds.
  path: Assets/Resources/Sprites/HUD/buttonSelect.png
  artifactKey: Guid(41c6ecaeb4b792543bc589002d4e1432) Importer(815301076,1909f56bfc062723c751e8b465ee728b)
Start importing Assets/Resources/Sprites/HUD/buttonSelect.png using Guid(41c6ecaeb4b792543bc589002d4e1432) Importer(815301076,1909f56bfc062723c751e8b465ee728b)  -> (artifact id: 'a8671380067f36c9ced9b93a60589c18') in 0.010296 seconds 
========================================================================
Received Import Request.
  Time since last request: 0.000024 seconds.
  path: Assets/Resources/Sprites/HUD/gear.png
  artifactKey: Guid(7e0c216a2b47a7649b9aa5abd49a67d3) Importer(815301076,1909f56bfc062723c751e8b465ee728b)
Start importing Assets/Resources/Sprites/HUD/gear.png using Guid(7e0c216a2b47a7649b9aa5abd49a67d3) Importer(815301076,1909f56bfc062723c751e8b465ee728b)  -> (artifact id: 'c7335ff5effa2a568c22d33e9bc3a778') in 0.013691 seconds 
========================================================================
Received Import Request.
  Time since last request: 0.000019 seconds.
  path: Assets/Resources/Sprites/HUD/buttonX.png
  artifactKey: Guid(ba167848286b28c49a45656461a78882) Importer(815301076,1909f56bfc062723c751e8b465ee728b)
Start importing Assets/Resources/Sprites/HUD/buttonX.png using Guid(ba167848286b28c49a45656461a78882) Importer(815301076,1909f56bfc062723c751e8b465ee728b)  -> (artifact id: '3e8e85116919d47e066c9c46a6deed01') in 0.015822 seconds 
========================================================================
Received Import Request.
  Time since last request: 0.000019 seconds.
  path: Assets/Resources/Sprites/HUD/mouse.png
  artifactKey: Guid(050ebb39ba8b9724f8cc2066467ca1b2) Importer(815301076,1909f56bfc062723c751e8b465ee728b)
Start importing Assets/Resources/Sprites/HUD/mouse.png using Guid(050ebb39ba8b9724f8cc2066467ca1b2) Importer(815301076,1909f56bfc062723c751e8b465ee728b)  -> (artifact id: '6336ec0438a46e58d7017286e2c2e463') in 0.008899 seconds 
========================================================================
Received Import Request.
  Time since last request: 0.000027 seconds.
  path: Assets/Resources/Sprites/HUD/buttonL.png
  artifactKey: Guid(5723c69964a0f2d46bde484f8f1a3fa5) Importer(815301076,1909f56bfc062723c751e8b465ee728b)
Start importing Assets/Resources/Sprites/HUD/buttonL.png using Guid(5723c69964a0f2d46bde484f8f1a3fa5) Importer(815301076,1909f56bfc062723c751e8b465ee728b)  -> (artifact id: '33abe3323f9670ca58da9ede7111c5f5') in 0.016052 seconds 
========================================================================
Received Import Request.
  Time since last request: 0.000019 seconds.
  path: Assets/Resources/Sprites/HUD/left.png
  artifactKey: Guid(0b4801f6e1a042f4a980f57f816e522b) Importer(815301076,1909f56bfc062723c751e8b465ee728b)
Start importing Assets/Resources/Sprites/HUD/left.png using Guid(0b4801f6e1a042f4a980f57f816e522b) Importer(815301076,1909f56bfc062723c751e8b465ee728b)  -> (artifact id: '22cfe329d7b52fe3e65abda72b0b3ea1') in 0.009298 seconds 
========================================================================
Received Import Request.
  Time since last request: 2865.127866 seconds.
  path: Assets/Resources/Sprites/ShipParts/cockpitBlue_1.png
  artifactKey: Guid(6ff980ec4772e154d8b0e8804c2bcb19) Importer(815301076,1909f56bfc062723c751e8b465ee728b)
Start importing Assets/Resources/Sprites/ShipParts/cockpitBlue_1.png using Guid(6ff980ec4772e154d8b0e8804c2bcb19) Importer(815301076,1909f56bfc062723c751e8b465ee728b)  -> (artifact id: '0272c428b80704a4fef67fc7a83bb2bb') in 0.037152 seconds 
========================================================================
Received Import Request.
  Time since last request: 0.000022 seconds.
  path: Assets/Resources/Sprites/ShipParts/cockpitRed_1.png
  artifactKey: Guid(3e5c47a8e2ab4954285dbc3bee1d839e) Importer(815301076,1909f56bfc062723c751e8b465ee728b)
Start importing Assets/Resources/Sprites/ShipParts/cockpitRed_1.png using Guid(3e5c47a8e2ab4954285dbc3bee1d839e) Importer(815301076,1909f56bfc062723c751e8b465ee728b)  -> (artifact id: '56785e797cd92908b5094da2f554d71a') in 0.012475 seconds 
========================================================================
Received Import Request.
  Time since last request: 0.000028 seconds.
  path: Assets/Resources/Sprites/ShipParts/wingYellow_3.png
  artifactKey: Guid(32ef7c6fd124024459713b021e62ac8a) Importer(815301076,1909f56bfc062723c751e8b465ee728b)
Start importing Assets/Resources/Sprites/ShipParts/wingYellow_3.png using Guid(32ef7c6fd124024459713b021e62ac8a) Importer(815301076,1909f56bfc062723c751e8b465ee728b)  -> (artifact id: '8a5fdc4e937d90a4ced34e1cd1adec6e') in 0.013744 seconds 
========================================================================
Received Import Request.
  Time since last request: 0.000036 seconds.
  path: Assets/Resources/Sprites/ShipParts/cockpitYellow_5.png
  artifactKey: Guid(dcaeffe889f77474bbddb6e3cd6bd772) Importer(815301076,1909f56bfc062723c751e8b465ee728b)
Start importing Assets/Resources/Sprites/ShipParts/cockpitYellow_5.png using Guid(dcaeffe889f77474bbddb6e3cd6bd772) Importer(815301076,1909f56bfc062723c751e8b465ee728b)  -> (artifact id: '566b4d656073f88cfa083f34b53bce50') in 0.020040 seconds 
========================================================================
Received Import Request.
  Time since last request: 0.000019 seconds.
  path: Assets/Resources/Sprites/ShipParts/wingRed_2.png
  artifactKey: Guid(05701caec19f7f34b862587b031e4972) Importer(815301076,1909f56bfc062723c751e8b465ee728b)
Start importing Assets/Resources/Sprites/ShipParts/wingRed_2.png using Guid(05701caec19f7f34b862587b031e4972) Importer(815301076,1909f56bfc062723c751e8b465ee728b)  -> (artifact id: '148ff0686e3bcb936ed531986afecb5c') in 0.014838 seconds 
========================================================================
Received Import Request.
  Time since last request: 0.000026 seconds.
  path: Assets/Resources/Sprites/ShipParts/wingYellow_0.png
  artifactKey: Guid(11a317c3197c4704ba2a2240e164a10c) Importer(815301076,1909f56bfc062723c751e8b465ee728b)
Start importing Assets/Resources/Sprites/ShipParts/wingYellow_0.png using Guid(11a317c3197c4704ba2a2240e164a10c) Importer(815301076,1909f56bfc062723c751e8b465ee728b)  -> (artifact id: 'f70a7d06453ed87a258f9301a9616739') in 0.012057 seconds 
========================================================================
Received Import Request.
  Time since last request: 0.000029 seconds.
  path: Assets/Resources/Sprites/ShipParts/wingBlue_3.png
  artifactKey: Guid(4ecf99adeb9d26e49bc92bf46b6ef0a4) Importer(815301076,1909f56bfc062723c751e8b465ee728b)
Start importing Assets/Resources/Sprites/ShipParts/wingBlue_3.png using Guid(4ecf99adeb9d26e49bc92bf46b6ef0a4) Importer(815301076,1909f56bfc062723c751e8b465ee728b)  -> (artifact id: '7f6d49c9d8e50daeeae47fcb4af1bbfe') in 0.010696 seconds 
========================================================================
Received Import Request.
  Time since last request: 0.000034 seconds.
  path: Assets/Resources/Sprites/ShipParts/wingGreen_3.png
  artifactKey: Guid(9fe77d80f75f61045aab4ec121e5cb32) Importer(815301076,1909f56bfc062723c751e8b465ee728b)
Start importing Assets/Resources/Sprites/ShipParts/wingGreen_3.png using Guid(9fe77d80f75f61045aab4ec121e5cb32) Importer(815301076,1909f56bfc062723c751e8b465ee728b)  -> (artifact id: '6a1098c61416ed3be5b949c74f853278') in 0.026175 seconds 
========================================================================
Received Import Request.
  Time since last request: 0.000029 seconds.
  path: Assets/Resources/Sprites/ShipParts/cockpitGreen_2.png
  artifactKey: Guid(92889152e710ce247a5ade544bd39b3d) Importer(815301076,1909f56bfc062723c751e8b465ee728b)
Start importing Assets/Resources/Sprites/ShipParts/cockpitGreen_2.png using Guid(92889152e710ce247a5ade544bd39b3d) Importer(815301076,1909f56bfc062723c751e8b465ee728b)  -> (artifact id: '7a127d6a14586fb51a1af09e97d90bf8') in 0.013460 seconds 
========================================================================
Received Import Request.
  Time since last request: 0.000018 seconds.
  path: Assets/Resources/Sprites/ShipParts/cockpitYellow_3.png
  artifactKey: Guid(05a9238df21354e429fd4bacdc650ae0) Importer(815301076,1909f56bfc062723c751e8b465ee728b)
Start importing Assets/Resources/Sprites/ShipParts/cockpitYellow_3.png using Guid(05a9238df21354e429fd4bacdc650ae0) Importer(815301076,1909f56bfc062723c751e8b465ee728b)  -> (artifact id: '2fd9d4206e44903bcc40886b5d05a5d6') in 0.012193 seconds 
========================================================================
Received Import Request.
  Time since last request: 0.000022 seconds.
  path: Assets/Resources/Sprites/ShipParts/wingRed_7.png
  artifactKey: Guid(cfbd8d8b15d0f0341920b4275da614db) Importer(815301076,1909f56bfc062723c751e8b465ee728b)
Start importing Assets/Resources/Sprites/ShipParts/wingRed_7.png using Guid(cfbd8d8b15d0f0341920b4275da614db) Importer(815301076,1909f56bfc062723c751e8b465ee728b)  -> (artifact id: '494dbb2fe1f3868357ee38841ba92fd8') in 0.010155 seconds 
========================================================================
Received Import Request.
  Time since last request: 0.000021 seconds.
  path: Assets/Resources/Sprites/ShipParts/wingGreen_6.png
  artifactKey: Guid(8d9a0105f2d22814bb7b612ef6866b70) Importer(815301076,1909f56bfc062723c751e8b465ee728b)
Start importing Assets/Resources/Sprites/ShipParts/wingGreen_6.png using Guid(8d9a0105f2d22814bb7b612ef6866b70) Importer(815301076,1909f56bfc062723c751e8b465ee728b)  -> (artifact id: 'a7533e75c8d4a7ea04929a8947ae36dd') in 0.014958 seconds 
========================================================================
Received Import Request.
  Time since last request: 0.000021 seconds.
  path: Assets/Resources/Sprites/ShipParts/wingRed_1.png
  artifactKey: Guid(69209e1bb74bf5b498ce8cc2f30dce37) Importer(815301076,1909f56bfc062723c751e8b465ee728b)
Start importing Assets/Resources/Sprites/ShipParts/wingRed_1.png using Guid(69209e1bb74bf5b498ce8cc2f30dce37) Importer(815301076,1909f56bfc062723c751e8b465ee728b)  -> (artifact id: '6473de0fec5d76506c60ba730a3c895b') in 0.021586 seconds 
========================================================================
Received Import Request.
  Time since last request: 0.000024 seconds.
  path: Assets/Resources/Sprites/ShipParts/cockpitRed_5.png
  artifactKey: Guid(cd0510abf17acf143be17bba653ad078) Importer(815301076,1909f56bfc062723c751e8b465ee728b)
Start importing Assets/Resources/Sprites/ShipParts/cockpitRed_5.png using Guid(cd0510abf17acf143be17bba653ad078) Importer(815301076,1909f56bfc062723c751e8b465ee728b)  -> (artifact id: 'a88762528d93cc69cddb07e4798dca04') in 0.009520 seconds 
========================================================================
Received Import Request.
  Time since last request: 0.000024 seconds.
  path: Assets/Resources/Sprites/ShipParts/cockpitYellow_1.png
  artifactKey: Guid(79704134d47d359469d2a53155be4c86) Importer(815301076,1909f56bfc062723c751e8b465ee728b)
Start importing Assets/Resources/Sprites/ShipParts/cockpitYellow_1.png using Guid(79704134d47d359469d2a53155be4c86) Importer(815301076,1909f56bfc062723c751e8b465ee728b)  -> (artifact id: '868d7cbb6e997835a7d06ab509266324') in 0.011092 seconds 
========================================================================
Received Import Request.
  Time since last request: 0.000028 seconds.
  path: Assets/Resources/Sprites/ShipParts/cockpitBlue_6.png
  artifactKey: Guid(3f8349288c8c7a8469e4b8586eb510e8) Importer(815301076,1909f56bfc062723c751e8b465ee728b)
Start importing Assets/Resources/Sprites/ShipParts/cockpitBlue_6.png using Guid(3f8349288c8c7a8469e4b8586eb510e8) Importer(815301076,1909f56bfc062723c751e8b465ee728b)  -> (artifact id: 'c48c5bca95a13ee8f0dd5b1d2675073d') in 0.009884 seconds 
========================================================================
Received Import Request.
  Time since last request: 0.000023 seconds.
  path: Assets/Resources/Sprites/ShipParts/cockpitYellow_0.png
  artifactKey: Guid(543d78c3c28fc1846a59f20bb6314e46) Importer(815301076,1909f56bfc062723c751e8b465ee728b)
Start importing Assets/Resources/Sprites/ShipParts/cockpitYellow_0.png using Guid(543d78c3c28fc1846a59f20bb6314e46) Importer(815301076,1909f56bfc062723c751e8b465ee728b)  -> (artifact id: '08a6fbb282a0eedb0217f6212c6ba385') in 0.010301 seconds 
========================================================================
Received Import Request.
  Time since last request: 0.000021 seconds.
  path: Assets/Resources/Sprites/ShipParts/wingYellow_1.png
  artifactKey: Guid(41f8e996a483fe94bbb240e50b8ab9b3) Importer(815301076,1909f56bfc062723c751e8b465ee728b)
Start importing Assets/Resources/Sprites/ShipParts/wingYellow_1.png using Guid(41f8e996a483fe94bbb240e50b8ab9b3) Importer(815301076,1909f56bfc062723c751e8b465ee728b)  -> (artifact id: '4926aaccef9588906ffb7c3cdfe3cd70') in 0.010715 seconds 
========================================================================
Received Import Request.
  Time since last request: 0.000021 seconds.
  path: Assets/Resources/Sprites/ShipParts/cockpitRed_4.png
  artifactKey: Guid(560231880a7d51445a456e9a9d6ac738) Importer(815301076,1909f56bfc062723c751e8b465ee728b)
Start importing Assets/Resources/Sprites/ShipParts/cockpitRed_4.png using Guid(560231880a7d51445a456e9a9d6ac738) Importer(815301076,1909f56bfc062723c751e8b465ee728b)  -> (artifact id: '9ff668d214959bdd2b33f9bfddb93d53') in 0.012997 seconds 
========================================================================
Received Import Request.
  Time since last request: 0.000024 seconds.
  path: Assets/Resources/Sprites/ShipParts/wingYellow_2.png
  artifactKey: Guid(4731ef06fe678024681e267f99935467) Importer(815301076,1909f56bfc062723c751e8b465ee728b)
Start importing Assets/Resources/Sprites/ShipParts/wingYellow_2.png using Guid(4731ef06fe678024681e267f99935467) Importer(815301076,1909f56bfc062723c751e8b465ee728b)  -> (artifact id: '594a291db156c4b13ab6132cf5875936') in 0.010722 seconds 
========================================================================
Received Import Request.
  Time since last request: 0.000019 seconds.
  path: Assets/Resources/Sprites/ShipParts/wingGreen_2.png
  artifactKey: Guid(886fb8d435fdbde4584571d5160a8a32) Importer(815301076,1909f56bfc062723c751e8b465ee728b)
Start importing Assets/Resources/Sprites/ShipParts/wingGreen_2.png using Guid(886fb8d435fdbde4584571d5160a8a32) Importer(815301076,1909f56bfc062723c751e8b465ee728b)  -> (artifact id: '6002fa955ca2fff5faf9b7305c31ca0e') in 0.008935 seconds 
========================================================================
Received Import Request.
  Time since last request: 0.000031 seconds.
  path: Assets/Resources/Sprites/ShipParts/wingBlue_6.png
  artifactKey: Guid(5c4b3146548003c4e8f054db3473685c) Importer(815301076,1909f56bfc062723c751e8b465ee728b)
Start importing Assets/Resources/Sprites/ShipParts/wingBlue_6.png using Guid(5c4b3146548003c4e8f054db3473685c) Importer(815301076,1909f56bfc062723c751e8b465ee728b)  -> (artifact id: 'a924a84ff97324fb66a4c046f683b1e3') in 0.009924 seconds 
========================================================================
Received Import Request.
  Time since last request: 0.000028 seconds.
  path: Assets/Resources/Sprites/ShipParts/wingBlue_2.png
  artifactKey: Guid(f821600f8782cfe4685971cd0f8e93d4) Importer(815301076,1909f56bfc062723c751e8b465ee728b)
Start importing Assets/Resources/Sprites/ShipParts/wingBlue_2.png using Guid(f821600f8782cfe4685971cd0f8e93d4) Importer(815301076,1909f56bfc062723c751e8b465ee728b)  -> (artifact id: '0bea2bb3f579933ae4af9438377589f9') in 0.011569 seconds 
========================================================================
Received Import Request.
  Time since last request: 0.000049 seconds.
  path: Assets/Resources/Sprites/ShipParts/wingGreen_7.png
  artifactKey: Guid(84c843d693b3a304581cd883658f2da5) Importer(815301076,1909f56bfc062723c751e8b465ee728b)
Start importing Assets/Resources/Sprites/ShipParts/wingGreen_7.png using Guid(84c843d693b3a304581cd883658f2da5) Importer(815301076,1909f56bfc062723c751e8b465ee728b)  -> (artifact id: 'd49f1cd2ff50912ecfec0f149a1363aa') in 0.011233 seconds 
========================================================================
Received Import Request.
  Time since last request: 0.000026 seconds.
  path: Assets/Resources/Sprites/ShipParts/cockpitYellow_2.png
  artifactKey: Guid(8e6d8a3fddfdf234ba1f45558349293a) Importer(815301076,1909f56bfc062723c751e8b465ee728b)
Start importing Assets/Resources/Sprites/ShipParts/cockpitYellow_2.png using Guid(8e6d8a3fddfdf234ba1f45558349293a) Importer(815301076,1909f56bfc062723c751e8b465ee728b)  -> (artifact id: '7cf8c5a0492ec04964f91a8b513c6e93') in 0.009132 seconds 
========================================================================
Received Import Request.
  Time since last request: 0.000016 seconds.
  path: Assets/Resources/Sprites/ShipParts/cockpitGreen_7.png
  artifactKey: Guid(ad60290006d5f5f41ae2459f49023847) Importer(815301076,1909f56bfc062723c751e8b465ee728b)
Start importing Assets/Resources/Sprites/ShipParts/cockpitGreen_7.png using Guid(ad60290006d5f5f41ae2459f49023847) Importer(815301076,1909f56bfc062723c751e8b465ee728b)  -> (artifact id: 'febeeec3a0776f3962c1c621bc29cf89') in 0.010478 seconds 
========================================================================
Received Import Request.
  Time since last request: 0.000024 seconds.
  path: Assets/Resources/Sprites/ShipParts/cockpitBlue_5.png
  artifactKey: Guid(b054469062357a34495d0e5786aa9854) Importer(815301076,1909f56bfc062723c751e8b465ee728b)
Start importing Assets/Resources/Sprites/ShipParts/cockpitBlue_5.png using Guid(b054469062357a34495d0e5786aa9854) Importer(815301076,1909f56bfc062723c751e8b465ee728b)  -> (artifact id: 'f6b2d37f680b9e9ccb733874d9986b6f') in 0.010401 seconds 
========================================================================
Received Import Request.
  Time since last request: 0.000019 seconds.
  path: Assets/Resources/Sprites/ShipParts/cockpitGreen_1.png
  artifactKey: Guid(082c569970639ba4980df7cc504ed386) Importer(815301076,1909f56bfc062723c751e8b465ee728b)
Start importing Assets/Resources/Sprites/ShipParts/cockpitGreen_1.png using Guid(082c569970639ba4980df7cc504ed386) Importer(815301076,1909f56bfc062723c751e8b465ee728b)  -> (artifact id: 'adc07230415703e25bb837fc72a6e2e1') in 0.011036 seconds 
========================================================================
Received Import Request.
  Time since last request: 0.000024 seconds.
  path: Assets/Resources/Sprites/ShipParts/wingRed_3.png
  artifactKey: Guid(52e4f939bdfa9d9439884dbe62176e43) Importer(815301076,1909f56bfc062723c751e8b465ee728b)
Start importing Assets/Resources/Sprites/ShipParts/wingRed_3.png using Guid(52e4f939bdfa9d9439884dbe62176e43) Importer(815301076,1909f56bfc062723c751e8b465ee728b)  -> (artifact id: '822ddfe6f1cd97b6f3d77e1305a3c8d0') in 0.009803 seconds 
========================================================================
Received Import Request.
  Time since last request: 0.000039 seconds.
  path: Assets/Resources/Sprites/ShipParts/wingRed_0.png
  artifactKey: Guid(db26a961bf560f74dadda52b6de7ff08) Importer(815301076,1909f56bfc062723c751e8b465ee728b)
Start importing Assets/Resources/Sprites/ShipParts/wingRed_0.png using Guid(db26a961bf560f74dadda52b6de7ff08) Importer(815301076,1909f56bfc062723c751e8b465ee728b)  -> (artifact id: '7aeb3f6ec3f1d4a899b84550320f2657') in 0.008182 seconds 
========================================================================
Received Import Request.
  Time since last request: 0.000021 seconds.
  path: Assets/Resources/Sprites/ShipParts/cockpitGreen_5.png
  artifactKey: Guid(7fdc6a51a1209244aaa8704971da2d41) Importer(815301076,1909f56bfc062723c751e8b465ee728b)
Start importing Assets/Resources/Sprites/ShipParts/cockpitGreen_5.png using Guid(7fdc6a51a1209244aaa8704971da2d41) Importer(815301076,1909f56bfc062723c751e8b465ee728b)  -> (artifact id: '3470dcbd22b1881d4280d52e1f98804f') in 0.009881 seconds 
========================================================================
Received Import Request.
  Time since last request: 0.000023 seconds.
  path: Assets/Resources/Sprites/ShipParts/cockpitRed_7.png
  artifactKey: Guid(2c42c00090699234ca79b23b6fbc0cd3) Importer(815301076,1909f56bfc062723c751e8b465ee728b)
Start importing Assets/Resources/Sprites/ShipParts/cockpitRed_7.png using Guid(2c42c00090699234ca79b23b6fbc0cd3) Importer(815301076,1909f56bfc062723c751e8b465ee728b)  -> (artifact id: '5f9dc4c7315bb10096c4f11c6cf6a8bf') in 0.012145 seconds 
========================================================================
Received Import Request.
  Time since last request: 3.339149 seconds.
  path: Assets/Resources/Sprites/PowerUps/bolt_gold.png
  artifactKey: Guid(cbb70c9a47d2f7d4c90ad0df9ee1ce24) Importer(815301076,1909f56bfc062723c751e8b465ee728b)
Start importing Assets/Resources/Sprites/PowerUps/bolt_gold.png using Guid(cbb70c9a47d2f7d4c90ad0df9ee1ce24) Importer(815301076,1909f56bfc062723c751e8b465ee728b)  -> (artifact id: '9c1b75c8ed3dacb89d041165b10c8387') in 0.087443 seconds 
========================================================================
Received Import Request.
  Time since last request: 0.000031 seconds.
  path: Assets/Resources/Sprites/PowerUps/umbrellaClosed.png
  artifactKey: Guid(bb6c8534d1bb12a4aae048ff1fc10d61) Importer(815301076,1909f56bfc062723c751e8b465ee728b)
Start importing Assets/Resources/Sprites/PowerUps/umbrellaClosed.png using Guid(bb6c8534d1bb12a4aae048ff1fc10d61) Importer(815301076,1909f56bfc062723c751e8b465ee728b)  -> (artifact id: 'c949be9c6c0b9458350546b66a663ed5') in 0.011830 seconds 
========================================================================
Received Import Request.
  Time since last request: 0.000050 seconds.
  path: Assets/Resources/Sprites/PowerUps/things_gold.png
  artifactKey: Guid(8cc84eeb76d6f3c4ea2d668d9b2c748d) Importer(815301076,1909f56bfc062723c751e8b465ee728b)
Start importing Assets/Resources/Sprites/PowerUps/things_gold.png using Guid(8cc84eeb76d6f3c4ea2d668d9b2c748d) Importer(815301076,1909f56bfc062723c751e8b465ee728b)  -> (artifact id: 'b05f98d994d0a3c7c5ce0727468ffb93') in 0.013886 seconds 
========================================================================
Received Import Request.
  Time since last request: 0.000031 seconds.
  path: Assets/Resources/Sprites/PowerUps/starGold.png
  artifactKey: Guid(12fcf3d89eaab1a44aa6dbcccd8067ad) Importer(815301076,1909f56bfc062723c751e8b465ee728b)
Start importing Assets/Resources/Sprites/PowerUps/starGold.png using Guid(12fcf3d89eaab1a44aa6dbcccd8067ad) Importer(815301076,1909f56bfc062723c751e8b465ee728b)  -> (artifact id: '5bda162a53341a3aba0d4d14b975ba57') in 0.012916 seconds 
========================================================================
Received Import Request.
  Time since last request: 13.289272 seconds.
  path: Assets/Resources/Sprites/Meteors/meteorBrown_big3.png
  artifactKey: Guid(4c67da4fec94c7b4db8b9ecf34127e85) Importer(815301076,1909f56bfc062723c751e8b465ee728b)
Start importing Assets/Resources/Sprites/Meteors/meteorBrown_big3.png using Guid(4c67da4fec94c7b4db8b9ecf34127e85) Importer(815301076,1909f56bfc062723c751e8b465ee728b)  -> (artifact id: 'dd212b21729e70dc401e1a0bdb3470ac') in 0.024265 seconds 
========================================================================
Received Import Request.
  Time since last request: 0.000022 seconds.
  path: Assets/Resources/Sprites/Meteors/meteorBrown_med3.png
  artifactKey: Guid(8ea97ce79439bb1438c7c8ccee4efd36) Importer(815301076,1909f56bfc062723c751e8b465ee728b)
Start importing Assets/Resources/Sprites/Meteors/meteorBrown_med3.png using Guid(8ea97ce79439bb1438c7c8ccee4efd36) Importer(815301076,1909f56bfc062723c751e8b465ee728b)  -> (artifact id: '13b893df6eaac4b84204d7d9d1ecaa90') in 0.011820 seconds 
========================================================================
Received Import Request.
  Time since last request: 0.000030 seconds.
  path: Assets/Resources/Sprites/Meteors/meteorGrey_big4.png
  artifactKey: Guid(8c8472eda8e68de408df609fe7d7c8ad) Importer(815301076,1909f56bfc062723c751e8b465ee728b)
Start importing Assets/Resources/Sprites/Meteors/meteorGrey_big4.png using Guid(8c8472eda8e68de408df609fe7d7c8ad) Importer(815301076,1909f56bfc062723c751e8b465ee728b)  -> (artifact id: 'e4418d2b2bfb367c2e1b647d68f33ac7') in 0.016000 seconds 
========================================================================
Received Import Request.
  Time since last request: 1.822551 seconds.
  path: Assets/Resources/Sprites/Enemies/enemyBlack3.png
  artifactKey: Guid(5b196ac75b3ea7244a3503f549c44752) Importer(815301076,1909f56bfc062723c751e8b465ee728b)
Start importing Assets/Resources/Sprites/Enemies/enemyBlack3.png using Guid(5b196ac75b3ea7244a3503f549c44752) Importer(815301076,1909f56bfc062723c751e8b465ee728b)  -> (artifact id: '94df7dcd8d47ca12cfa486e67ab6d83d') in 0.013341 seconds 
========================================================================
Received Import Request.
  Time since last request: 0.000018 seconds.
  path: Assets/Resources/Sprites/Enemies/playerShip1_blue.png
  artifactKey: Guid(efd4608c57eb5a342bf13b10b19ca064) Importer(815301076,1909f56bfc062723c751e8b465ee728b)
Start importing Assets/Resources/Sprites/Enemies/playerShip1_blue.png using Guid(efd4608c57eb5a342bf13b10b19ca064) Importer(815301076,1909f56bfc062723c751e8b465ee728b)  -> (artifact id: '708ad52e0786aa8a8c9356f8627478c3') in 0.011598 seconds 
========================================================================
Received Import Request.
  Time since last request: 0.000018 seconds.
  path: Assets/Resources/Sprites/Enemies/playerShip2_green.png
  artifactKey: Guid(532904e53e49fb4499c0ba20136a967a) Importer(815301076,1909f56bfc062723c751e8b465ee728b)
Start importing Assets/Resources/Sprites/Enemies/playerShip2_green.png using Guid(532904e53e49fb4499c0ba20136a967a) Importer(815301076,1909f56bfc062723c751e8b465ee728b)  -> (artifact id: '13958210ee00df02ec66182267a49f4e') in 0.013268 seconds 
========================================================================
Received Import Request.
  Time since last request: 0.000017 seconds.
  path: Assets/Resources/Sprites/Enemies/enemyRed4.png
  artifactKey: Guid(00e48faff9063a54ea0b63fbb8ce2112) Importer(815301076,1909f56bfc062723c751e8b465ee728b)
Start importing Assets/Resources/Sprites/Enemies/enemyRed4.png using Guid(00e48faff9063a54ea0b63fbb8ce2112) Importer(815301076,1909f56bfc062723c751e8b465ee728b)  -> (artifact id: '97354990b024261dc113557de1168217') in 0.013939 seconds 
========================================================================
Received Import Request.
  Time since last request: 0.000030 seconds.
  path: Assets/Resources/Sprites/Enemies/planeYellow2.png
  artifactKey: Guid(04bdad8febfddaa488651f8a0bc7c759) Importer(815301076,1909f56bfc062723c751e8b465ee728b)
Start importing Assets/Resources/Sprites/Enemies/planeYellow2.png using Guid(04bdad8febfddaa488651f8a0bc7c759) Importer(815301076,1909f56bfc062723c751e8b465ee728b)  -> (artifact id: '82ccd3d38c60f7f007173ddc45f0e935') in 0.011619 seconds 
========================================================================
Received Import Request.
  Time since last request: 0.000036 seconds.
  path: Assets/Resources/Sprites/Enemies/playerShip1_green.png
  artifactKey: Guid(67292e225f948f049922d2093e94a13c) Importer(815301076,1909f56bfc062723c751e8b465ee728b)
Start importing Assets/Resources/Sprites/Enemies/playerShip1_green.png using Guid(67292e225f948f049922d2093e94a13c) Importer(815301076,1909f56bfc062723c751e8b465ee728b)  -> (artifact id: '023bb0414d7dfb38edf121ad69e9ef66') in 0.010472 seconds 
========================================================================
Received Import Request.
  Time since last request: 0.000041 seconds.
  path: Assets/Resources/Sprites/Enemies/enemyGreen2.png
  artifactKey: Guid(1037b4eb38e064e449184aee4982a320) Importer(815301076,1909f56bfc062723c751e8b465ee728b)
Start importing Assets/Resources/Sprites/Enemies/enemyGreen2.png using Guid(1037b4eb38e064e449184aee4982a320) Importer(815301076,1909f56bfc062723c751e8b465ee728b)  -> (artifact id: '92bc76fe2779c76105e6fca5b7c201a6') in 0.012564 seconds 
========================================================================
Received Import Request.
  Time since last request: 0.000020 seconds.
  path: Assets/Resources/Sprites/Enemies/planeBlue3.png
  artifactKey: Guid(0f890d78e8760b549ba1be084f643001) Importer(815301076,1909f56bfc062723c751e8b465ee728b)
Start importing Assets/Resources/Sprites/Enemies/planeBlue3.png using Guid(0f890d78e8760b549ba1be084f643001) Importer(815301076,1909f56bfc062723c751e8b465ee728b)  -> (artifact id: '8d3a396d329abffde6bb2c8ca4b10037') in 0.010850 seconds 
========================================================================
Received Import Request.
  Time since last request: 0.000030 seconds.
  path: Assets/Resources/Sprites/Enemies/playerShip3_red.png
  artifactKey: Guid(35337828752059a47b211e90383b4bda) Importer(815301076,1909f56bfc062723c751e8b465ee728b)
Start importing Assets/Resources/Sprites/Enemies/playerShip3_red.png using Guid(35337828752059a47b211e90383b4bda) Importer(815301076,1909f56bfc062723c751e8b465ee728b)  -> (artifact id: '57ae41c9008e4a249f864c5045c522e3') in 0.011051 seconds 
========================================================================
Received Import Request.
  Time since last request: 0.000022 seconds.
  path: Assets/Resources/Sprites/Enemies/planeRed3.png
  artifactKey: Guid(2ab4195e7bee8de449b44da67def75d0) Importer(815301076,1909f56bfc062723c751e8b465ee728b)
Start importing Assets/Resources/Sprites/Enemies/planeRed3.png using Guid(2ab4195e7bee8de449b44da67def75d0) Importer(815301076,1909f56bfc062723c751e8b465ee728b)  -> (artifact id: '4a8a69467102c03cb81a44bfb826a6bb') in 0.025879 seconds 
========================================================================
Received Import Request.
  Time since last request: 0.000023 seconds.
  path: Assets/Resources/Sprites/Enemies/enemyRed5.png
  artifactKey: Guid(b1af20ecf2151474cbf7ffea31687de7) Importer(815301076,1909f56bfc062723c751e8b465ee728b)
Start importing Assets/Resources/Sprites/Enemies/enemyRed5.png using Guid(b1af20ecf2151474cbf7ffea31687de7) Importer(815301076,1909f56bfc062723c751e8b465ee728b)  -> (artifact id: 'a743eaf7319e7ca04ac9e1ccc33bd9fe') in 0.011560 seconds 
========================================================================
Received Import Request.
  Time since last request: 0.000021 seconds.
  path: Assets/Resources/Sprites/Enemies/enemyBlue1.png
  artifactKey: Guid(1e55b3291740d144c8a159ac0a1a60bd) Importer(815301076,1909f56bfc062723c751e8b465ee728b)
Start importing Assets/Resources/Sprites/Enemies/enemyBlue1.png using Guid(1e55b3291740d144c8a159ac0a1a60bd) Importer(815301076,1909f56bfc062723c751e8b465ee728b)  -> (artifact id: '5125a8eea366c952a98b1b88110b2f30') in 0.012361 seconds 
