Using pre-set license
Built from '2021.3/staging' branch; Version is '2021.3.6f1 (7da38d85baf6) revision 8233869'; Using compiler version '192829333'; Build Type 'Release'
OS: 'Windows 10  (10.0.19044) 64bit Professional' Language: 'es' Physical Memory: 16332 MB
BatchMode: 1, IsHumanControllingUs: 0, StartBugReporterOnCrash: 0, Is64bit: 1, IsPro: 1

COMMAND LINE ARGUMENTS:
G:\Programas\Unity\2021.3.6f1\Editor\Unity.exe
-adb2
-batchMode
-noUpm
-name
AssetImportWorker2
-projectPath
D:/GitHub Proyects/Code_PlaneFall/PlaneFall
-logFile
Logs/AssetImportWorker2.log
-srvPort
57802
Successfully changed project path to: D:/GitHub Proyects/Code_PlaneFall/PlaneFall
D:/GitHub Proyects/Code_PlaneFall/PlaneFall
[UnityMemory] Configuration Parameters - Can be set up in boot.config
    "memorysetup-bucket-allocator-granularity=16"
    "memorysetup-bucket-allocator-bucket-count=8"
    "memorysetup-bucket-allocator-block-size=33554432"
    "memorysetup-bucket-allocator-block-count=8"
    "memorysetup-main-allocator-block-size=16777216"
    "memorysetup-thread-allocator-block-size=16777216"
    "memorysetup-gfx-main-allocator-block-size=16777216"
    "memorysetup-gfx-thread-allocator-block-size=16777216"
    "memorysetup-cache-allocator-block-size=4194304"
    "memorysetup-typetree-allocator-block-size=2097152"
    "memorysetup-profiler-bucket-allocator-granularity=16"
    "memorysetup-profiler-bucket-allocator-bucket-count=8"
    "memorysetup-profiler-bucket-allocator-block-size=33554432"
    "memorysetup-profiler-bucket-allocator-block-count=8"
    "memorysetup-profiler-allocator-block-size=16777216"
    "memorysetup-profiler-editor-allocator-block-size=1048576"
    "memorysetup-temp-allocator-size-main=16777216"
    "memorysetup-job-temp-allocator-block-size=2097152"
    "memorysetup-job-temp-allocator-block-size-background=1048576"
    "memorysetup-job-temp-allocator-reduction-small-platforms=262144"
    "memorysetup-temp-allocator-size-background-worker=32768"
    "memorysetup-temp-allocator-size-job-worker=262144"
    "memorysetup-temp-allocator-size-preload-manager=33554432"
    "memorysetup-temp-allocator-size-nav-mesh-worker=65536"
    "memorysetup-temp-allocator-size-audio-worker=65536"
    "memorysetup-temp-allocator-size-cloud-worker=32768"
    "memorysetup-temp-allocator-size-gi-baking-worker=262144"
    "memorysetup-temp-allocator-size-gfx=262144"
Refreshing native plugins compatible for Editor in 100.38 ms, found 4 plugins.
Preloading 0 native plugins for Editor in 0.00 ms.
Initialize engine version: 2021.3.6f1 (7da38d85baf6)
[Subsystems] Discovering subsystems at path G:/Programas/Unity/2021.3.6f1/Editor/Data/Resources/UnitySubsystems
[Subsystems] Discovering subsystems at path D:/GitHub Proyects/Code_PlaneFall/PlaneFall/Assets
GfxDevice: creating device client; threaded=0; jobified=0
Direct3D:
    Version:  Direct3D 11.0 [level 11.1]
    Renderer: NVIDIA GeForce GTX 1070 (ID=0x1b81)
    Vendor:   NVIDIA
    VRAM:     8088 MB
    Driver:   31.0.15.1659
Initialize mono
Mono path[0] = 'G:/Programas/Unity/2021.3.6f1/Editor/Data/Managed'
Mono path[1] = 'G:/Programas/Unity/2021.3.6f1/Editor/Data/MonoBleedingEdge/lib/mono/unityjit-win32'
Mono config path = 'G:/Programas/Unity/2021.3.6f1/Editor/Data/MonoBleedingEdge/etc'
Using monoOptions --debugger-agent=transport=dt_socket,embedding=1,server=y,suspend=n,address=127.0.0.1:56312
Begin MonoManager ReloadAssembly
Registering precompiled unity dll's ...
Register platform support module: G:/Programas/Unity/2021.3.6f1/Editor/Data/PlaybackEngines/AndroidPlayer/UnityEditor.Android.Extensions.dll
Register platform support module: G:/Programas/Unity/2021.3.6f1/Editor/Data/PlaybackEngines/WindowsStandaloneSupport/UnityEditor.WindowsStandalone.Extensions.dll
Registered in 0.003009 seconds.
Native extension for WindowsStandalone target not found
Native extension for Android target not found
Refreshing native plugins compatible for Editor in 99.71 ms, found 4 plugins.
Preloading 0 native plugins for Editor in 0.00 ms.
Mono: successfully reloaded assembly
- Completed reload, in  0.584 seconds
Domain Reload Profiling:
	ReloadAssembly (584ms)
		BeginReloadAssembly (62ms)
			ExecutionOrderSort (0ms)
			DisableScriptedObjects (0ms)
			BackupInstance (0ms)
			ReleaseScriptingObjects (0ms)
			CreateAndSetChildDomain (1ms)
		EndReloadAssembly (433ms)
			LoadAssemblies (62ms)
			RebuildTransferFunctionScriptingTraits (0ms)
			SetupTypeCache (92ms)
			ReleaseScriptCaches (0ms)
			RebuildScriptCaches (24ms)
			SetupLoadedEditorAssemblies (275ms)
				LogAssemblyErrors (0ms)
				InitializePlatformSupportModulesInManaged (46ms)
				SetLoadedEditorAssemblies (0ms)
				RefreshPlugins (100ms)
				BeforeProcessingInitializeOnLoad (1ms)
				ProcessInitializeOnLoadAttributes (90ms)
				ProcessInitializeOnLoadMethodAttributes (38ms)
				AfterProcessingInitializeOnLoad (0ms)
				EditorAssembliesLoaded (0ms)
			ExecutionOrderSort2 (0ms)
			AwakeInstancesAfterBackupRestoration (0ms)
Platform modules already initialized, skipping
Registering precompiled user dll's ...
Registered in 0.005455 seconds.
Begin MonoManager ReloadAssembly
Symbol file LoadedFromMemory doesn't match image D:\GitHub Proyects\Code_PlaneFall\PlaneFall\Library\PackageCache\com.unity.visualscripting@1.7.8\Editor\VisualScripting.Core\Dependencies\YamlDotNet\Unity.VisualScripting.YamlDotNet.dll
Symbol file LoadedFromMemory doesn't match image D:\GitHub Proyects\Code_PlaneFall\PlaneFall\Library\PackageCache\com.unity.visualscripting@1.7.8\Editor\VisualScripting.Core\Dependencies\DotNetZip\Unity.VisualScripting.IonicZip.dll
Native extension for WindowsStandalone target not found
Native extension for Android target not found
Refreshing native plugins compatible for Editor in 108.35 ms, found 4 plugins.
Preloading 0 native plugins for Editor in 0.00 ms.
Mono: successfully reloaded assembly
Package Manager log level set to [2]
- Completed reload, in  1.221 seconds
Domain Reload Profiling:
	ReloadAssembly (1222ms)
		BeginReloadAssembly (207ms)
			ExecutionOrderSort (0ms)
			DisableScriptedObjects (5ms)
			BackupInstance (0ms)
			ReleaseScriptingObjects (0ms)
			CreateAndSetChildDomain (129ms)
		EndReloadAssembly (915ms)
			LoadAssemblies (80ms)
			RebuildTransferFunctionScriptingTraits (0ms)
			SetupTypeCache (243ms)
			ReleaseScriptCaches (1ms)
			RebuildScriptCaches (57ms)
			SetupLoadedEditorAssemblies (494ms)
				LogAssemblyErrors (0ms)
				InitializePlatformSupportModulesInManaged (10ms)
				SetLoadedEditorAssemblies (0ms)
				RefreshPlugins (108ms)
				BeforeProcessingInitializeOnLoad (104ms)
				ProcessInitializeOnLoadAttributes (232ms)
				ProcessInitializeOnLoadMethodAttributes (36ms)
				AfterProcessingInitializeOnLoad (3ms)
				EditorAssembliesLoaded (0ms)
			ExecutionOrderSort2 (0ms)
			AwakeInstancesAfterBackupRestoration (5ms)
Platform modules already initialized, skipping
========================================================================
Worker process is ready to serve import requests
Launched and connected shader compiler UnityShaderCompiler.exe after 0.04 seconds
Refreshing native plugins compatible for Editor in 1.00 ms, found 4 plugins.
Preloading 0 native plugins for Editor in 0.00 ms.
Unloading 4414 Unused Serialized files (Serialized files now loaded: 0)
Unloading 72 unused Assets / (1.5 MB). Loaded Objects now: 4838.
Memory consumption went from 169.7 MB to 168.2 MB.
Total: 4.699800 ms (FindLiveObjects: 0.452200 ms CreateObjectMapping: 0.130500 ms MarkObjects: 3.705000 ms  DeleteObjects: 0.410800 ms)

AssetImportParameters requested are different than current active one (requested -> active):
  custom:video-decoder-ogg-theora: a1e56fd34408186e4bbccfd4996cb3dc -> 
  custom:container-muxer-webm: aa71ff27fc2769a1b78a27578f13a17b -> 
  custom:container-demuxer-webm: 4f35f7cbe854078d1ac9338744f61a02 -> 
  custom:video-encoder-webm-vp8: eb34c28f22e8b96e1ab97ce403110664 -> 
  custom:audio-encoder-webm-vorbis: bf7c407c2cedff20999df2af8eb42d56 -> 
  custom:framework-win-MediaFoundation: 216162199b28c13a410421893ffa2e32 -> 
  custom:container-demuxer-ogg: 62fdf1f143b41e24485cea50d1cbac27 -> 
  custom:video-decoder-webm-vp8: 9c59270c3fd7afecdb556c50c9e8de78 -> 
  custom:audio-decoder-ogg-vorbis: bf7c407c2cedff20999df2af8eb42d56 -> 
========================================================================
Received Import Request.
  Time since last request: 9066.864728 seconds.
  path: Assets/Resources/Sprites/HUD/joystickLeft.png
  artifactKey: Guid(f4f5c7ed643081d41b3275af5ca3e442) Importer(815301076,1909f56bfc062723c751e8b465ee728b)
Start importing Assets/Resources/Sprites/HUD/joystickLeft.png using Guid(f4f5c7ed643081d41b3275af5ca3e442) Importer(815301076,1909f56bfc062723c751e8b465ee728b)  -> (artifact id: '0756ffcd6b6b150c59b01fbc4d4cfd5c') in 0.118711 seconds 
========================================================================
Received Import Request.
  Time since last request: 0.000019 seconds.
  path: Assets/Resources/Sprites/HUD/gamepad1.png
  artifactKey: Guid(20b2d8cb10c80b04db9f601a08c9b14d) Importer(815301076,1909f56bfc062723c751e8b465ee728b)
Start importing Assets/Resources/Sprites/HUD/gamepad1.png using Guid(20b2d8cb10c80b04db9f601a08c9b14d) Importer(815301076,1909f56bfc062723c751e8b465ee728b)  -> (artifact id: 'c3bd273318685876974c661e60d376bb') in 0.012318 seconds 
========================================================================
Received Import Request.
  Time since last request: 0.000014 seconds.
  path: Assets/Resources/Sprites/HUD/export.png
  artifactKey: Guid(58ec3a1c77def4d4ca1edd7da9f7b8ff) Importer(815301076,1909f56bfc062723c751e8b465ee728b)
Start importing Assets/Resources/Sprites/HUD/export.png using Guid(58ec3a1c77def4d4ca1edd7da9f7b8ff) Importer(815301076,1909f56bfc062723c751e8b465ee728b)  -> (artifact id: '7de86ad143998318f41c9d84703df2b0') in 0.010908 seconds 
========================================================================
Received Import Request.
  Time since last request: 0.000016 seconds.
  path: Assets/Resources/Sprites/HUD/home.png
  artifactKey: Guid(e53ecf1e62286dc489296ddb2af51ff9) Importer(815301076,1909f56bfc062723c751e8b465ee728b)
Start importing Assets/Resources/Sprites/HUD/home.png using Guid(e53ecf1e62286dc489296ddb2af51ff9) Importer(815301076,1909f56bfc062723c751e8b465ee728b)  -> (artifact id: '25bfa9194fb1d520ce9135f621d57352') in 0.011099 seconds 
========================================================================
Received Import Request.
  Time since last request: 0.000022 seconds.
  path: Assets/Resources/Sprites/HUD/scrollVertical.png
  artifactKey: Guid(48fb9937c7b1ddd4e91a88231e1d4581) Importer(815301076,1909f56bfc062723c751e8b465ee728b)
Start importing Assets/Resources/Sprites/HUD/scrollVertical.png using Guid(48fb9937c7b1ddd4e91a88231e1d4581) Importer(815301076,1909f56bfc062723c751e8b465ee728b)  -> (artifact id: '445f147b712c90fffeed772d6a171eea') in 0.008398 seconds 
========================================================================
Received Import Request.
  Time since last request: 0.000018 seconds.
  path: Assets/Resources/Sprites/HUD/barsHorizontal.png
  artifactKey: Guid(5ef9939b527705a449dea499dad67dbf) Importer(815301076,1909f56bfc062723c751e8b465ee728b)
Start importing Assets/Resources/Sprites/HUD/barsHorizontal.png using Guid(5ef9939b527705a449dea499dad67dbf) Importer(815301076,1909f56bfc062723c751e8b465ee728b)  -> (artifact id: '194bcd40874ab4e7851cab65b6997609') in 0.010241 seconds 
========================================================================
Received Import Request.
  Time since last request: 0.000022 seconds.
  path: Assets/Resources/Sprites/HUD/checkmark.png
  artifactKey: Guid(3575b022a0759c64992134185656cc90) Importer(815301076,1909f56bfc062723c751e8b465ee728b)
Start importing Assets/Resources/Sprites/HUD/checkmark.png using Guid(3575b022a0759c64992134185656cc90) Importer(815301076,1909f56bfc062723c751e8b465ee728b)  -> (artifact id: '2cefa28f40266e18bb07c5831cb95024') in 0.010434 seconds 
========================================================================
Received Import Request.
  Time since last request: 0.000025 seconds.
  path: Assets/Resources/Sprites/HUD/target.png
  artifactKey: Guid(068eacc7917f9d0459689cc90b271099) Importer(815301076,1909f56bfc062723c751e8b465ee728b)
Start importing Assets/Resources/Sprites/HUD/target.png using Guid(068eacc7917f9d0459689cc90b271099) Importer(815301076,1909f56bfc062723c751e8b465ee728b)  -> (artifact id: '163d6a59afdc26659cec951b5bf5d506') in 0.012068 seconds 
========================================================================
Received Import Request.
  Time since last request: 0.000015 seconds.
  path: Assets/Resources/Sprites/HUD/rewind.png
  artifactKey: Guid(207ad04ff3005b441bd5bea290d27ae3) Importer(815301076,1909f56bfc062723c751e8b465ee728b)
Start importing Assets/Resources/Sprites/HUD/rewind.png using Guid(207ad04ff3005b441bd5bea290d27ae3) Importer(815301076,1909f56bfc062723c751e8b465ee728b)  -> (artifact id: '4d7e74e5df99cc332c4a7a0b2a63fb26') in 0.010830 seconds 
========================================================================
Received Import Request.
  Time since last request: 0.000018 seconds.
  path: Assets/Resources/Sprites/HUD/exclamation.png
  artifactKey: Guid(6eb2d00b3deeaae4c97fc5be73096f7f) Importer(815301076,1909f56bfc062723c751e8b465ee728b)
Start importing Assets/Resources/Sprites/HUD/exclamation.png using Guid(6eb2d00b3deeaae4c97fc5be73096f7f) Importer(815301076,1909f56bfc062723c751e8b465ee728b)  -> (artifact id: '6ade6ebd9308fd788c5ed57996daf10f') in 0.010958 seconds 
========================================================================
Received Import Request.
  Time since last request: 0.000023 seconds.
  path: Assets/Resources/Sprites/HUD/smaller.png
  artifactKey: Guid(6eef69d65b43d7d499a81c50de83dae7) Importer(815301076,1909f56bfc062723c751e8b465ee728b)
Start importing Assets/Resources/Sprites/HUD/smaller.png using Guid(6eef69d65b43d7d499a81c50de83dae7) Importer(815301076,1909f56bfc062723c751e8b465ee728b)  -> (artifact id: '1226c406560b040841c62e1f1a849818') in 0.010957 seconds 
========================================================================
Received Import Request.
  Time since last request: 0.000031 seconds.
  path: Assets/Resources/Sprites/HUD/stop.png
  artifactKey: Guid(3dcd8c5c41116e64e89a5afd1401754b) Importer(815301076,1909f56bfc062723c751e8b465ee728b)
Start importing Assets/Resources/Sprites/HUD/stop.png using Guid(3dcd8c5c41116e64e89a5afd1401754b) Importer(815301076,1909f56bfc062723c751e8b465ee728b)  -> (artifact id: 'b8d13dd6c6e64ce7295adf815af4f853') in 0.009983 seconds 
========================================================================
Received Import Request.
  Time since last request: 0.000014 seconds.
  path: Assets/Resources/Sprites/HUD/downRight.png
  artifactKey: Guid(f2ad61714972c014c87121eefc12e187) Importer(815301076,1909f56bfc062723c751e8b465ee728b)
Start importing Assets/Resources/Sprites/HUD/downRight.png using Guid(f2ad61714972c014c87121eefc12e187) Importer(815301076,1909f56bfc062723c751e8b465ee728b)  -> (artifact id: 'b06f74fc9119fe11e63b9bc6b7e7add3') in 0.039702 seconds 
========================================================================
Received Import Request.
  Time since last request: 0.000018 seconds.
  path: Assets/Resources/Sprites/HUD/musicOn.png
  artifactKey: Guid(3fa845ca7f9d97a498c990c0ab27b1a5) Importer(815301076,1909f56bfc062723c751e8b465ee728b)
Start importing Assets/Resources/Sprites/HUD/musicOn.png using Guid(3fa845ca7f9d97a498c990c0ab27b1a5) Importer(815301076,1909f56bfc062723c751e8b465ee728b)  -> (artifact id: '7c791fa334fc3a0f50ff5675a5361b8a') in 0.010284 seconds 
========================================================================
Received Import Request.
  Time since last request: 0.000021 seconds.
  path: Assets/Resources/Sprites/HUD/audioOn.png
  artifactKey: Guid(7373c8f1210b08a41be5c4fc6dd3d29e) Importer(815301076,1909f56bfc062723c751e8b465ee728b)
Start importing Assets/Resources/Sprites/HUD/audioOn.png using Guid(7373c8f1210b08a41be5c4fc6dd3d29e) Importer(815301076,1909f56bfc062723c751e8b465ee728b)  -> (artifact id: 'c5b9d16d6af49316c1fcb9b6837612d6') in 0.019505 seconds 
========================================================================
Received Import Request.
  Time since last request: 0.000025 seconds.
  path: Assets/Resources/Sprites/HUD/downLeft.png
  artifactKey: Guid(75c89a962d0bbbc489dee2e13c42cc22) Importer(815301076,1909f56bfc062723c751e8b465ee728b)
Start importing Assets/Resources/Sprites/HUD/downLeft.png using Guid(75c89a962d0bbbc489dee2e13c42cc22) Importer(815301076,1909f56bfc062723c751e8b465ee728b)  -> (artifact id: '86873f6c68513ed367f511c4741d7b6e') in 0.012199 seconds 
========================================================================
Received Import Request.
  Time since last request: 0.000029 seconds.
  path: Assets/Resources/Sprites/HUD/medal1.png
  artifactKey: Guid(d30a88dab695e6f43aca0ba8cef5603f) Importer(815301076,1909f56bfc062723c751e8b465ee728b)
Start importing Assets/Resources/Sprites/HUD/medal1.png using Guid(d30a88dab695e6f43aca0ba8cef5603f) Importer(815301076,1909f56bfc062723c751e8b465ee728b)  -> (artifact id: 'abbc1eaf03e5753ca2e86389f82b239f') in 0.011746 seconds 
========================================================================
Received Import Request.
  Time since last request: 0.000019 seconds.
  path: Assets/Resources/Sprites/HUD/buttonR1.png
  artifactKey: Guid(1d0f7e89854c32c4492161246977d5b5) Importer(815301076,1909f56bfc062723c751e8b465ee728b)
Start importing Assets/Resources/Sprites/HUD/buttonR1.png using Guid(1d0f7e89854c32c4492161246977d5b5) Importer(815301076,1909f56bfc062723c751e8b465ee728b)  -> (artifact id: '584949ecc849fc12e1e16beb1859f26d') in 0.010718 seconds 
========================================================================
Received Import Request.
  Time since last request: 0.000027 seconds.
  path: Assets/Resources/Sprites/HUD/buttonY.png
  artifactKey: Guid(cd6c848f40238fe4eb3cf50b6b0c97bd) Importer(815301076,1909f56bfc062723c751e8b465ee728b)
Start importing Assets/Resources/Sprites/HUD/buttonY.png using Guid(cd6c848f40238fe4eb3cf50b6b0c97bd) Importer(815301076,1909f56bfc062723c751e8b465ee728b)  -> (artifact id: 'bce66113ad0e6ff237e7cd8b1b328fd8') in 0.023393 seconds 
========================================================================
Received Import Request.
  Time since last request: 0.000019 seconds.
  path: Assets/Resources/Sprites/HUD/siganl1.png
  artifactKey: Guid(eb39fee39adaec742b0b5e1662cabfee) Importer(815301076,1909f56bfc062723c751e8b465ee728b)
Start importing Assets/Resources/Sprites/HUD/siganl1.png using Guid(eb39fee39adaec742b0b5e1662cabfee) Importer(815301076,1909f56bfc062723c751e8b465ee728b)  -> (artifact id: '69006848de30ec2ec1cf7c6c57c5ad8a') in 0.033292 seconds 
========================================================================
Received Import Request.
  Time since last request: 0.000023 seconds.
  path: Assets/Resources/Sprites/HUD/buttonL1.png
  artifactKey: Guid(4cc0140c8b232a742b7c7c9e60161de1) Importer(815301076,1909f56bfc062723c751e8b465ee728b)
Start importing Assets/Resources/Sprites/HUD/buttonL1.png using Guid(4cc0140c8b232a742b7c7c9e60161de1) Importer(815301076,1909f56bfc062723c751e8b465ee728b)  -> (artifact id: 'b90064dd211247663717335165b54975') in 0.015621 seconds 
========================================================================
Received Import Request.
  Time since last request: 0.000027 seconds.
  path: Assets/Resources/Sprites/HUD/plus.png
  artifactKey: Guid(0c77468e9bc971447a0440cbac424a31) Importer(815301076,1909f56bfc062723c751e8b465ee728b)
Start importing Assets/Resources/Sprites/HUD/plus.png using Guid(0c77468e9bc971447a0440cbac424a31) Importer(815301076,1909f56bfc062723c751e8b465ee728b)  -> (artifact id: 'fe9f36f76049a011e6d80e917890ed03') in 0.014808 seconds 
========================================================================
Received Import Request.
  Time since last request: 0.000034 seconds.
  path: Assets/Resources/Sprites/HUD/larger.png
  artifactKey: Guid(3bab1a216218bb541b78054dff400889) Importer(815301076,1909f56bfc062723c751e8b465ee728b)
Start importing Assets/Resources/Sprites/HUD/larger.png using Guid(3bab1a216218bb541b78054dff400889) Importer(815301076,1909f56bfc062723c751e8b465ee728b)  -> (artifact id: 'f8039d780fed3951bcfc94e9a9f46c9b') in 0.009441 seconds 
========================================================================
Received Import Request.
  Time since last request: 0.000019 seconds.
  path: Assets/Resources/Sprites/HUD/power.png
  artifactKey: Guid(e9c6780c00678a04595bde2133197905) Importer(815301076,1909f56bfc062723c751e8b465ee728b)
Start importing Assets/Resources/Sprites/HUD/power.png using Guid(e9c6780c00678a04595bde2133197905) Importer(815301076,1909f56bfc062723c751e8b465ee728b)  -> (artifact id: '643c81160fe22e3fb49070447fe31902') in 0.015666 seconds 
Editor requested this worker to shutdown with reason: Scaling down because of idle timeout
AssetImportWorker is now disconnected from the server
Process exiting
Exiting without the bug reporter. Application will terminate with return code 0