Using pre-set license
Built from '2021.3/staging' branch; Version is '2021.3.6f1 (7da38d85baf6) revision 8233869'; Using compiler version '192829333'; Build Type 'Release'
OS: 'Windows 10  (10.0.19044) 64bit Professional' Language: 'es' Physical Memory: 16332 MB
BatchMode: 1, IsHumanControllingUs: 0, StartBugReporterOnCrash: 0, Is64bit: 1, IsPro: 1

COMMAND LINE ARGUMENTS:
G:\Programas\Unity\2021.3.6f1\Editor\Unity.exe
-adb2
-batchMode
-noUpm
-name
AssetImportWorker0
-projectPath
D:/GitHub Proyects/Code_PlaneFall/PlaneFall
-logFile
Logs/AssetImportWorker0.log
-srvPort
57802
Successfully changed project path to: D:/GitHub Proyects/Code_PlaneFall/PlaneFall
D:/GitHub Proyects/Code_PlaneFall/PlaneFall
[UnityMemory] Configuration Parameters - Can be set up in boot.config
    "memorysetup-bucket-allocator-granularity=16"
    "memorysetup-bucket-allocator-bucket-count=8"
    "memorysetup-bucket-allocator-block-size=33554432"
    "memorysetup-bucket-allocator-block-count=8"
    "memorysetup-main-allocator-block-size=16777216"
    "memorysetup-thread-allocator-block-size=16777216"
    "memorysetup-gfx-main-allocator-block-size=16777216"
    "memorysetup-gfx-thread-allocator-block-size=16777216"
    "memorysetup-cache-allocator-block-size=4194304"
    "memorysetup-typetree-allocator-block-size=2097152"
    "memorysetup-profiler-bucket-allocator-granularity=16"
    "memorysetup-profiler-bucket-allocator-bucket-count=8"
    "memorysetup-profiler-bucket-allocator-block-size=33554432"
    "memorysetup-profiler-bucket-allocator-block-count=8"
    "memorysetup-profiler-allocator-block-size=16777216"
    "memorysetup-profiler-editor-allocator-block-size=1048576"
    "memorysetup-temp-allocator-size-main=16777216"
    "memorysetup-job-temp-allocator-block-size=2097152"
    "memorysetup-job-temp-allocator-block-size-background=1048576"
    "memorysetup-job-temp-allocator-reduction-small-platforms=262144"
    "memorysetup-temp-allocator-size-background-worker=32768"
    "memorysetup-temp-allocator-size-job-worker=262144"
    "memorysetup-temp-allocator-size-preload-manager=33554432"
    "memorysetup-temp-allocator-size-nav-mesh-worker=65536"
    "memorysetup-temp-allocator-size-audio-worker=65536"
    "memorysetup-temp-allocator-size-cloud-worker=32768"
    "memorysetup-temp-allocator-size-gi-baking-worker=262144"
    "memorysetup-temp-allocator-size-gfx=262144"
Refreshing native plugins compatible for Editor in 101.10 ms, found 4 plugins.
Preloading 0 native plugins for Editor in 0.00 ms.
Initialize engine version: 2021.3.6f1 (7da38d85baf6)
[Subsystems] Discovering subsystems at path G:/Programas/Unity/2021.3.6f1/Editor/Data/Resources/UnitySubsystems
[Subsystems] Discovering subsystems at path D:/GitHub Proyects/Code_PlaneFall/PlaneFall/Assets
GfxDevice: creating device client; threaded=0; jobified=0
Direct3D:
    Version:  Direct3D 11.0 [level 11.1]
    Renderer: NVIDIA GeForce GTX 1070 (ID=0x1b81)
    Vendor:   NVIDIA
    VRAM:     8088 MB
    Driver:   31.0.15.1659
Initialize mono
Mono path[0] = 'G:/Programas/Unity/2021.3.6f1/Editor/Data/Managed'
Mono path[1] = 'G:/Programas/Unity/2021.3.6f1/Editor/Data/MonoBleedingEdge/lib/mono/unityjit-win32'
Mono config path = 'G:/Programas/Unity/2021.3.6f1/Editor/Data/MonoBleedingEdge/etc'
Using monoOptions --debugger-agent=transport=dt_socket,embedding=1,server=y,suspend=n,address=127.0.0.1:56340
Begin MonoManager ReloadAssembly
Registering precompiled unity dll's ...
Register platform support module: G:/Programas/Unity/2021.3.6f1/Editor/Data/PlaybackEngines/AndroidPlayer/UnityEditor.Android.Extensions.dll
Register platform support module: G:/Programas/Unity/2021.3.6f1/Editor/Data/PlaybackEngines/WindowsStandaloneSupport/UnityEditor.WindowsStandalone.Extensions.dll
Registered in 0.002918 seconds.
Native extension for WindowsStandalone target not found
Native extension for Android target not found
Refreshing native plugins compatible for Editor in 103.18 ms, found 4 plugins.
Preloading 0 native plugins for Editor in 0.00 ms.
Mono: successfully reloaded assembly
- Completed reload, in  0.587 seconds
Domain Reload Profiling:
	ReloadAssembly (588ms)
		BeginReloadAssembly (61ms)
			ExecutionOrderSort (0ms)
			DisableScriptedObjects (0ms)
			BackupInstance (0ms)
			ReleaseScriptingObjects (0ms)
			CreateAndSetChildDomain (1ms)
		EndReloadAssembly (439ms)
			LoadAssemblies (61ms)
			RebuildTransferFunctionScriptingTraits (0ms)
			SetupTypeCache (93ms)
			ReleaseScriptCaches (0ms)
			RebuildScriptCaches (25ms)
			SetupLoadedEditorAssemblies (278ms)
				LogAssemblyErrors (0ms)
				InitializePlatformSupportModulesInManaged (46ms)
				SetLoadedEditorAssemblies (0ms)
				RefreshPlugins (103ms)
				BeforeProcessingInitializeOnLoad (1ms)
				ProcessInitializeOnLoadAttributes (90ms)
				ProcessInitializeOnLoadMethodAttributes (38ms)
				AfterProcessingInitializeOnLoad (0ms)
				EditorAssembliesLoaded (0ms)
			ExecutionOrderSort2 (0ms)
			AwakeInstancesAfterBackupRestoration (0ms)
Platform modules already initialized, skipping
Registering precompiled user dll's ...
Registered in 0.006120 seconds.
Begin MonoManager ReloadAssembly
Symbol file LoadedFromMemory doesn't match image D:\GitHub Proyects\Code_PlaneFall\PlaneFall\Library\PackageCache\com.unity.visualscripting@1.7.8\Editor\VisualScripting.Core\Dependencies\YamlDotNet\Unity.VisualScripting.YamlDotNet.dll
Symbol file LoadedFromMemory doesn't match image D:\GitHub Proyects\Code_PlaneFall\PlaneFall\Library\PackageCache\com.unity.visualscripting@1.7.8\Editor\VisualScripting.Core\Dependencies\DotNetZip\Unity.VisualScripting.IonicZip.dll
Native extension for WindowsStandalone target not found
Native extension for Android target not found
Refreshing native plugins compatible for Editor in 108.21 ms, found 4 plugins.
Preloading 0 native plugins for Editor in 0.00 ms.
Mono: successfully reloaded assembly
Package Manager log level set to [2]
- Completed reload, in  1.234 seconds
Domain Reload Profiling:
	ReloadAssembly (1235ms)
		BeginReloadAssembly (198ms)
			ExecutionOrderSort (0ms)
			DisableScriptedObjects (5ms)
			BackupInstance (0ms)
			ReleaseScriptingObjects (0ms)
			CreateAndSetChildDomain (120ms)
		EndReloadAssembly (934ms)
			LoadAssemblies (81ms)
			RebuildTransferFunctionScriptingTraits (0ms)
			SetupTypeCache (252ms)
			ReleaseScriptCaches (1ms)
			RebuildScriptCaches (54ms)
			SetupLoadedEditorAssemblies (499ms)
				LogAssemblyErrors (0ms)
				InitializePlatformSupportModulesInManaged (10ms)
				SetLoadedEditorAssemblies (0ms)
				RefreshPlugins (108ms)
				BeforeProcessingInitializeOnLoad (110ms)
				ProcessInitializeOnLoadAttributes (227ms)
				ProcessInitializeOnLoadMethodAttributes (40ms)
				AfterProcessingInitializeOnLoad (3ms)
				EditorAssembliesLoaded (0ms)
			ExecutionOrderSort2 (0ms)
			AwakeInstancesAfterBackupRestoration (5ms)
Platform modules already initialized, skipping
========================================================================
Worker process is ready to serve import requests
Launched and connected shader compiler UnityShaderCompiler.exe after 0.05 seconds
Refreshing native plugins compatible for Editor in 1.10 ms, found 4 plugins.
Preloading 0 native plugins for Editor in 0.00 ms.
Unloading 4414 Unused Serialized files (Serialized files now loaded: 0)
Unloading 72 unused Assets / (1.5 MB). Loaded Objects now: 4838.
Memory consumption went from 169.7 MB to 168.2 MB.
Total: 3.782800 ms (FindLiveObjects: 0.411100 ms CreateObjectMapping: 0.284000 ms MarkObjects: 2.705900 ms  DeleteObjects: 0.380400 ms)

AssetImportParameters requested are different than current active one (requested -> active):
  custom:video-decoder-ogg-theora: a1e56fd34408186e4bbccfd4996cb3dc -> 
  custom:container-muxer-webm: aa71ff27fc2769a1b78a27578f13a17b -> 
  custom:container-demuxer-webm: 4f35f7cbe854078d1ac9338744f61a02 -> 
  custom:video-encoder-webm-vp8: eb34c28f22e8b96e1ab97ce403110664 -> 
  custom:audio-encoder-webm-vorbis: bf7c407c2cedff20999df2af8eb42d56 -> 
  custom:framework-win-MediaFoundation: 216162199b28c13a410421893ffa2e32 -> 
  custom:container-demuxer-ogg: 62fdf1f143b41e24485cea50d1cbac27 -> 
  custom:video-decoder-webm-vp8: 9c59270c3fd7afecdb556c50c9e8de78 -> 
  custom:audio-decoder-ogg-vorbis: bf7c407c2cedff20999df2af8eb42d56 -> 
========================================================================
Received Import Request.
  Time since last request: 9066.953682 seconds.
  path: Assets/Resources/Sprites/HUD/exitLeft.png
  artifactKey: Guid(cc8a8fde90eeb594295a5dc6b9a04b0f) Importer(815301076,1909f56bfc062723c751e8b465ee728b)
Start importing Assets/Resources/Sprites/HUD/exitLeft.png using Guid(cc8a8fde90eeb594295a5dc6b9a04b0f) Importer(815301076,1909f56bfc062723c751e8b465ee728b)  -> (artifact id: '7f1dcda4e0d2db210188ae1a4684a6dd') in 0.118262 seconds 
========================================================================
Received Import Request.
  Time since last request: 0.000014 seconds.
  path: Assets/Resources/Sprites/HUD/pause.png
  artifactKey: Guid(35cf850e8e87c474fb11cc5d27b968c7) Importer(815301076,1909f56bfc062723c751e8b465ee728b)
Start importing Assets/Resources/Sprites/HUD/pause.png using Guid(35cf850e8e87c474fb11cc5d27b968c7) Importer(815301076,1909f56bfc062723c751e8b465ee728b)  -> (artifact id: 'c2a5fa344b8e48837bcda0c851877816') in 0.010852 seconds 
========================================================================
Received Import Request.
  Time since last request: 0.000020 seconds.
  path: Assets/Resources/Sprites/HUD/buttonR2.png
  artifactKey: Guid(ee6b88936ba82f049b2aabc7f0f45533) Importer(815301076,1909f56bfc062723c751e8b465ee728b)
Start importing Assets/Resources/Sprites/HUD/buttonR2.png using Guid(ee6b88936ba82f049b2aabc7f0f45533) Importer(815301076,1909f56bfc062723c751e8b465ee728b)  -> (artifact id: '55eeedf37f136c6986a666e13687eeaf') in 0.009404 seconds 
========================================================================
Received Import Request.
  Time since last request: 0.000024 seconds.
  path: Assets/Resources/Sprites/HUD/button2.png
  artifactKey: Guid(fd03c32eb3187564490702f486544519) Importer(815301076,1909f56bfc062723c751e8b465ee728b)
Start importing Assets/Resources/Sprites/HUD/button2.png using Guid(fd03c32eb3187564490702f486544519) Importer(815301076,1909f56bfc062723c751e8b465ee728b)  -> (artifact id: 'cbb60f135aa05cb43209fbb6e753f59f') in 0.011598 seconds 
========================================================================
Received Import Request.
  Time since last request: 0.000022 seconds.
  path: Assets/Resources/Sprites/HUD/return.png
  artifactKey: Guid(410bd4998e6eacc48aed03aa93b4b66b) Importer(815301076,1909f56bfc062723c751e8b465ee728b)
Start importing Assets/Resources/Sprites/HUD/return.png using Guid(410bd4998e6eacc48aed03aa93b4b66b) Importer(815301076,1909f56bfc062723c751e8b465ee728b)  -> (artifact id: 'ede739d808c46221c380d6168c15f416') in 0.010579 seconds 
========================================================================
Received Import Request.
  Time since last request: 0.000027 seconds.
  path: Assets/Resources/Sprites/HUD/arrowRight.png
  artifactKey: Guid(b7855969cb099854abdcb83ea5a1edec) Importer(815301076,1909f56bfc062723c751e8b465ee728b)
Start importing Assets/Resources/Sprites/HUD/arrowRight.png using Guid(b7855969cb099854abdcb83ea5a1edec) Importer(815301076,1909f56bfc062723c751e8b465ee728b)  -> (artifact id: 'a7cd5285e05fe1d08f15b95b81a96f55') in 0.010761 seconds 
========================================================================
Received Import Request.
  Time since last request: 0.000022 seconds.
  path: Assets/Resources/Sprites/HUD/audioOff.png
  artifactKey: Guid(255963acacb953f41bdbb873e6ab2130) Importer(815301076,1909f56bfc062723c751e8b465ee728b)
Start importing Assets/Resources/Sprites/HUD/audioOff.png using Guid(255963acacb953f41bdbb873e6ab2130) Importer(815301076,1909f56bfc062723c751e8b465ee728b)  -> (artifact id: '5f7d006e0e5875385c17bf67724eeb66') in 0.011285 seconds 
========================================================================
Received Import Request.
  Time since last request: 0.000023 seconds.
  path: Assets/Resources/Sprites/HUD/scrollHorizontal.png
  artifactKey: Guid(ed34e6e87b98e9d4aad05fd0aeffe5bd) Importer(815301076,1909f56bfc062723c751e8b465ee728b)
Start importing Assets/Resources/Sprites/HUD/scrollHorizontal.png using Guid(ed34e6e87b98e9d4aad05fd0aeffe5bd) Importer(815301076,1909f56bfc062723c751e8b465ee728b)  -> (artifact id: 'e973255788bc315637350656cd009c94') in 0.009152 seconds 
========================================================================
Received Import Request.
  Time since last request: 0.000019 seconds.
  path: Assets/Resources/Sprites/HUD/minus.png
  artifactKey: Guid(685911fe4796e814dab7d0ebd56cba37) Importer(815301076,1909f56bfc062723c751e8b465ee728b)
Start importing Assets/Resources/Sprites/HUD/minus.png using Guid(685911fe4796e814dab7d0ebd56cba37) Importer(815301076,1909f56bfc062723c751e8b465ee728b)  -> (artifact id: '5af92c30c4b2a6248a4d71b7e2d87976') in 0.025048 seconds 
========================================================================
Received Import Request.
  Time since last request: 0.000021 seconds.
  path: Assets/Resources/Sprites/HUD/tablet.png
  artifactKey: Guid(6669f0d8ccbd19644b7bdb650773a8f0) Importer(815301076,1909f56bfc062723c751e8b465ee728b)
Start importing Assets/Resources/Sprites/HUD/tablet.png using Guid(6669f0d8ccbd19644b7bdb650773a8f0) Importer(815301076,1909f56bfc062723c751e8b465ee728b)  -> (artifact id: 'edf7be23afefa9ca7e27b5729a8a4d3a') in 0.027387 seconds 
========================================================================
Received Import Request.
  Time since last request: 0.000020 seconds.
  path: Assets/Resources/Sprites/HUD/musicOff.png
  artifactKey: Guid(cbcb5b8c99e6d3148b80420a6c764f4a) Importer(815301076,1909f56bfc062723c751e8b465ee728b)
Start importing Assets/Resources/Sprites/HUD/musicOff.png using Guid(cbcb5b8c99e6d3148b80420a6c764f4a) Importer(815301076,1909f56bfc062723c751e8b465ee728b)  -> (artifact id: 'b349ba585cc0052b5f7a2ea6eba40209') in 0.010108 seconds 
========================================================================
Received Import Request.
  Time since last request: 0.000018 seconds.
  path: Assets/Resources/Sprites/HUD/buttonL2.png
  artifactKey: Guid(af39ff7e35f67524bb6c11260ddf0d49) Importer(815301076,1909f56bfc062723c751e8b465ee728b)
Start importing Assets/Resources/Sprites/HUD/buttonL2.png using Guid(af39ff7e35f67524bb6c11260ddf0d49) Importer(815301076,1909f56bfc062723c751e8b465ee728b)  -> (artifact id: '2e556ee57855b44b9b6b87c9ce105e46') in 0.017584 seconds 
========================================================================
Received Import Request.
  Time since last request: 0.000017 seconds.
  path: Assets/Resources/Sprites/HUD/menuList.png
  artifactKey: Guid(68e84dc397ee4ea479a91dd013bf24ff) Importer(815301076,1909f56bfc062723c751e8b465ee728b)
Start importing Assets/Resources/Sprites/HUD/menuList.png using Guid(68e84dc397ee4ea479a91dd013bf24ff) Importer(815301076,1909f56bfc062723c751e8b465ee728b)  -> (artifact id: '2f6ca047d3a2f598579f95284c84321e') in 0.012579 seconds 
========================================================================
Received Import Request.
  Time since last request: 0.000021 seconds.
  path: Assets/Resources/Sprites/HUD/joystickUp.png
  artifactKey: Guid(f19ab1f0f6346ab4993df4041d42df4e) Importer(815301076,1909f56bfc062723c751e8b465ee728b)
Start importing Assets/Resources/Sprites/HUD/joystickUp.png using Guid(f19ab1f0f6346ab4993df4041d42df4e) Importer(815301076,1909f56bfc062723c751e8b465ee728b)  -> (artifact id: '8fb8deaa278ad934557b18ab8e041c18') in 0.011686 seconds 
========================================================================
Received Import Request.
  Time since last request: 0.000030 seconds.
  path: Assets/Resources/Sprites/HUD/open.png
  artifactKey: Guid(813777bc3aa6bb2478a043dfe2386033) Importer(815301076,1909f56bfc062723c751e8b465ee728b)
Start importing Assets/Resources/Sprites/HUD/open.png using Guid(813777bc3aa6bb2478a043dfe2386033) Importer(815301076,1909f56bfc062723c751e8b465ee728b)  -> (artifact id: '4c1995db8e0f4a68fd66cbc8e60dac3a') in 0.010241 seconds 
========================================================================
Received Import Request.
  Time since last request: 0.000027 seconds.
  path: Assets/Resources/Sprites/HUD/question.png
  artifactKey: Guid(ff7dcf47073c9694486a1599e9836694) Importer(815301076,1909f56bfc062723c751e8b465ee728b)
Start importing Assets/Resources/Sprites/HUD/question.png using Guid(ff7dcf47073c9694486a1599e9836694) Importer(815301076,1909f56bfc062723c751e8b465ee728b)  -> (artifact id: 'd70696ee554a324fc01c3ba93079639b') in 0.023559 seconds 
========================================================================
Received Import Request.
  Time since last request: 0.000026 seconds.
  path: Assets/Resources/Sprites/HUD/multiplayer.png
  artifactKey: Guid(2cd1070eb5e9a2b4bac7705e77ad4da8) Importer(815301076,1909f56bfc062723c751e8b465ee728b)
Start importing Assets/Resources/Sprites/HUD/multiplayer.png using Guid(2cd1070eb5e9a2b4bac7705e77ad4da8) Importer(815301076,1909f56bfc062723c751e8b465ee728b)  -> (artifact id: 'f4cb66cf5f6f629a469a75c9449ceec7') in 0.031275 seconds 
========================================================================
Received Import Request.
  Time since last request: 0.000022 seconds.
  path: Assets/Resources/Sprites/HUD/barsVertical.png
  artifactKey: Guid(a2f7a2e288db2034aae2ca80847bd3f4) Importer(815301076,1909f56bfc062723c751e8b465ee728b)
Start importing Assets/Resources/Sprites/HUD/barsVertical.png using Guid(a2f7a2e288db2034aae2ca80847bd3f4) Importer(815301076,1909f56bfc062723c751e8b465ee728b)  -> (artifact id: '5f339db0d969e19fcc03985e471db7f1') in 0.016088 seconds 
========================================================================
Received Import Request.
  Time since last request: 0.000028 seconds.
  path: Assets/Resources/Sprites/HUD/next.png
  artifactKey: Guid(cfbe89b3137bd67408af484c81322509) Importer(815301076,1909f56bfc062723c751e8b465ee728b)
Start importing Assets/Resources/Sprites/HUD/next.png using Guid(cfbe89b3137bd67408af484c81322509) Importer(815301076,1909f56bfc062723c751e8b465ee728b)  -> (artifact id: '61a489758763e2cdba6a7ee1b2be391b') in 0.015381 seconds 
========================================================================
Received Import Request.
  Time since last request: 0.000026 seconds.
  path: Assets/Resources/Sprites/HUD/gamepad2.png
  artifactKey: Guid(a48f68cfa86eede4db1d62eb966366c5) Importer(815301076,1909f56bfc062723c751e8b465ee728b)
Start importing Assets/Resources/Sprites/HUD/gamepad2.png using Guid(a48f68cfa86eede4db1d62eb966366c5) Importer(815301076,1909f56bfc062723c751e8b465ee728b)  -> (artifact id: '88d8c1bc55207f11e862c402bbf8c9d6') in 0.015991 seconds 
Editor requested this worker to shutdown with reason: Scaling down because of idle timeout
AssetImportWorker is now disconnected from the server
Process exiting
Exiting without the bug reporter. Application will terminate with return code 0