Using pre-set license
Built from '2021.3/staging' branch; Version is '2021.3.6f1 (7da38d85baf6) revision 8233869'; Using compiler version '192829333'; Build Type 'Release'
OS: 'Windows 10  (10.0.19044) 64bit Professional' Language: 'es' Physical Memory: 16332 MB
BatchMode: 1, IsHumanControllingUs: 0, StartBugReporterOnCrash: 0, Is64bit: 1, IsPro: 1

COMMAND LINE ARGUMENTS:
G:\Programas\Unity\2021.3.6f1\Editor\Unity.exe
-adb2
-batchMode
-noUpm
-name
AssetImportWorker4
-projectPath
D:/GitHub Proyects/Code_PlaneFall/PlaneFall
-logFile
Logs/AssetImportWorker4.log
-srvPort
57802
Successfully changed project path to: D:/GitHub Proyects/Code_PlaneFall/PlaneFall
D:/GitHub Proyects/Code_PlaneFall/PlaneFall
[UnityMemory] Configuration Parameters - Can be set up in boot.config
    "memorysetup-bucket-allocator-granularity=16"
    "memorysetup-bucket-allocator-bucket-count=8"
    "memorysetup-bucket-allocator-block-size=33554432"
    "memorysetup-bucket-allocator-block-count=8"
    "memorysetup-main-allocator-block-size=16777216"
    "memorysetup-thread-allocator-block-size=16777216"
    "memorysetup-gfx-main-allocator-block-size=16777216"
    "memorysetup-gfx-thread-allocator-block-size=16777216"
    "memorysetup-cache-allocator-block-size=4194304"
    "memorysetup-typetree-allocator-block-size=2097152"
    "memorysetup-profiler-bucket-allocator-granularity=16"
    "memorysetup-profiler-bucket-allocator-bucket-count=8"
    "memorysetup-profiler-bucket-allocator-block-size=33554432"
    "memorysetup-profiler-bucket-allocator-block-count=8"
    "memorysetup-profiler-allocator-block-size=16777216"
    "memorysetup-profiler-editor-allocator-block-size=1048576"
    "memorysetup-temp-allocator-size-main=16777216"
    "memorysetup-job-temp-allocator-block-size=2097152"
    "memorysetup-job-temp-allocator-block-size-background=1048576"
    "memorysetup-job-temp-allocator-reduction-small-platforms=262144"
    "memorysetup-temp-allocator-size-background-worker=32768"
    "memorysetup-temp-allocator-size-job-worker=262144"
    "memorysetup-temp-allocator-size-preload-manager=33554432"
    "memorysetup-temp-allocator-size-nav-mesh-worker=65536"
    "memorysetup-temp-allocator-size-audio-worker=65536"
    "memorysetup-temp-allocator-size-cloud-worker=32768"
    "memorysetup-temp-allocator-size-gi-baking-worker=262144"
    "memorysetup-temp-allocator-size-gfx=262144"
Refreshing native plugins compatible for Editor in 115.53 ms, found 4 plugins.
Preloading 0 native plugins for Editor in 0.00 ms.
Initialize engine version: 2021.3.6f1 (7da38d85baf6)
[Subsystems] Discovering subsystems at path G:/Programas/Unity/2021.3.6f1/Editor/Data/Resources/UnitySubsystems
[Subsystems] Discovering subsystems at path D:/GitHub Proyects/Code_PlaneFall/PlaneFall/Assets
GfxDevice: creating device client; threaded=0; jobified=0
Direct3D:
    Version:  Direct3D 11.0 [level 11.1]
    Renderer: NVIDIA GeForce GTX 1070 (ID=0x1b81)
    Vendor:   NVIDIA
    VRAM:     8088 MB
    Driver:   31.0.15.1659
Initialize mono
Mono path[0] = 'G:/Programas/Unity/2021.3.6f1/Editor/Data/Managed'
Mono path[1] = 'G:/Programas/Unity/2021.3.6f1/Editor/Data/MonoBleedingEdge/lib/mono/unityjit-win32'
Mono config path = 'G:/Programas/Unity/2021.3.6f1/Editor/Data/MonoBleedingEdge/etc'
Using monoOptions --debugger-agent=transport=dt_socket,embedding=1,server=y,suspend=n,address=127.0.0.1:56564
Begin MonoManager ReloadAssembly
Registering precompiled unity dll's ...
Register platform support module: G:/Programas/Unity/2021.3.6f1/Editor/Data/PlaybackEngines/AndroidPlayer/UnityEditor.Android.Extensions.dll
Register platform support module: G:/Programas/Unity/2021.3.6f1/Editor/Data/PlaybackEngines/WindowsStandaloneSupport/UnityEditor.WindowsStandalone.Extensions.dll
Registered in 0.003058 seconds.
Native extension for WindowsStandalone target not found
Native extension for Android target not found
Refreshing native plugins compatible for Editor in 105.15 ms, found 4 plugins.
Preloading 0 native plugins for Editor in 0.00 ms.
Mono: successfully reloaded assembly
- Completed reload, in  0.584 seconds
Domain Reload Profiling:
	ReloadAssembly (585ms)
		BeginReloadAssembly (57ms)
			ExecutionOrderSort (0ms)
			DisableScriptedObjects (0ms)
			BackupInstance (0ms)
			ReleaseScriptingObjects (0ms)
			CreateAndSetChildDomain (1ms)
		EndReloadAssembly (440ms)
			LoadAssemblies (57ms)
			RebuildTransferFunctionScriptingTraits (0ms)
			SetupTypeCache (89ms)
			ReleaseScriptCaches (0ms)
			RebuildScriptCaches (24ms)
			SetupLoadedEditorAssemblies (286ms)
				LogAssemblyErrors (0ms)
				InitializePlatformSupportModulesInManaged (49ms)
				SetLoadedEditorAssemblies (0ms)
				RefreshPlugins (105ms)
				BeforeProcessingInitializeOnLoad (1ms)
				ProcessInitializeOnLoadAttributes (92ms)
				ProcessInitializeOnLoadMethodAttributes (38ms)
				AfterProcessingInitializeOnLoad (0ms)
				EditorAssembliesLoaded (0ms)
			ExecutionOrderSort2 (0ms)
			AwakeInstancesAfterBackupRestoration (0ms)
Platform modules already initialized, skipping
Registering precompiled user dll's ...
Registered in 0.005589 seconds.
Begin MonoManager ReloadAssembly
Symbol file LoadedFromMemory doesn't match image D:\GitHub Proyects\Code_PlaneFall\PlaneFall\Library\PackageCache\com.unity.visualscripting@1.7.8\Editor\VisualScripting.Core\Dependencies\YamlDotNet\Unity.VisualScripting.YamlDotNet.dll
Symbol file LoadedFromMemory doesn't match image D:\GitHub Proyects\Code_PlaneFall\PlaneFall\Library\PackageCache\com.unity.visualscripting@1.7.8\Editor\VisualScripting.Core\Dependencies\DotNetZip\Unity.VisualScripting.IonicZip.dll
Native extension for WindowsStandalone target not found
Native extension for Android target not found
Refreshing native plugins compatible for Editor in 97.22 ms, found 4 plugins.
Preloading 0 native plugins for Editor in 0.00 ms.
Mono: successfully reloaded assembly
Package Manager log level set to [2]
- Completed reload, in  1.137 seconds
Domain Reload Profiling:
	ReloadAssembly (1138ms)
		BeginReloadAssembly (195ms)
			ExecutionOrderSort (0ms)
			DisableScriptedObjects (5ms)
			BackupInstance (0ms)
			ReleaseScriptingObjects (0ms)
			CreateAndSetChildDomain (120ms)
		EndReloadAssembly (845ms)
			LoadAssemblies (72ms)
			RebuildTransferFunctionScriptingTraits (0ms)
			SetupTypeCache (213ms)
			ReleaseScriptCaches (1ms)
			RebuildScriptCaches (53ms)
			SetupLoadedEditorAssemblies (466ms)
				LogAssemblyErrors (0ms)
				InitializePlatformSupportModulesInManaged (10ms)
				SetLoadedEditorAssemblies (0ms)
				RefreshPlugins (97ms)
				BeforeProcessingInitializeOnLoad (110ms)
				ProcessInitializeOnLoadAttributes (211ms)
				ProcessInitializeOnLoadMethodAttributes (34ms)
				AfterProcessingInitializeOnLoad (3ms)
				EditorAssembliesLoaded (0ms)
			ExecutionOrderSort2 (0ms)
			AwakeInstancesAfterBackupRestoration (5ms)
Platform modules already initialized, skipping
========================================================================
Worker process is ready to serve import requests
Launched and connected shader compiler UnityShaderCompiler.exe after 0.04 seconds
Refreshing native plugins compatible for Editor in 1.36 ms, found 4 plugins.
Preloading 0 native plugins for Editor in 0.00 ms.
Unloading 4414 Unused Serialized files (Serialized files now loaded: 0)
Unloading 72 unused Assets / (1.5 MB). Loaded Objects now: 4838.
Memory consumption went from 169.7 MB to 168.2 MB.
Total: 3.420100 ms (FindLiveObjects: 0.364600 ms CreateObjectMapping: 0.120900 ms MarkObjects: 2.585200 ms  DeleteObjects: 0.348900 ms)

AssetImportParameters requested are different than current active one (requested -> active):
  custom:video-decoder-ogg-theora: a1e56fd34408186e4bbccfd4996cb3dc -> 
  custom:container-muxer-webm: aa71ff27fc2769a1b78a27578f13a17b -> 
  custom:container-demuxer-webm: 4f35f7cbe854078d1ac9338744f61a02 -> 
  custom:video-encoder-webm-vp8: eb34c28f22e8b96e1ab97ce403110664 -> 
  custom:audio-encoder-webm-vorbis: bf7c407c2cedff20999df2af8eb42d56 -> 
  custom:framework-win-MediaFoundation: 216162199b28c13a410421893ffa2e32 -> 
  custom:container-demuxer-ogg: 62fdf1f143b41e24485cea50d1cbac27 -> 
  custom:video-decoder-webm-vp8: 9c59270c3fd7afecdb556c50c9e8de78 -> 
  custom:audio-decoder-ogg-vorbis: bf7c407c2cedff20999df2af8eb42d56 -> 
========================================================================
Received Import Request.
  Time since last request: 11937.320318 seconds.
  path: Assets/Resources/Sprites/PowerUps
  artifactKey: Guid(2296bc99d06b9c24abff47ce884dac4c) Importer(815301076,1909f56bfc062723c751e8b465ee728b)
Start importing Assets/Resources/Sprites/PowerUps using Guid(2296bc99d06b9c24abff47ce884dac4c) Importer(815301076,1909f56bfc062723c751e8b465ee728b)  -> (artifact id: '8a06d3e45614c8078806b6c78512d47b') in 0.007342 seconds 
========================================================================
Received Import Request.
  Time since last request: 0.017381 seconds.
  path: Assets/Resources/Sprites/PowerUps/bold_silver.png
  artifactKey: Guid(a1b879f84ed863e419c74d60b4ddbd11) Importer(815301076,1909f56bfc062723c751e8b465ee728b)
Start importing Assets/Resources/Sprites/PowerUps/bold_silver.png using Guid(a1b879f84ed863e419c74d60b4ddbd11) Importer(815301076,1909f56bfc062723c751e8b465ee728b)  -> (artifact id: 'edbe3e33e4a1f787cfb2419fc2f40ec5') in 0.180017 seconds 
========================================================================
Received Import Request.
  Time since last request: 0.000032 seconds.
  path: Assets/Resources/Sprites/PowerUps/starBronze.png
  artifactKey: Guid(f77352ec5d007364e8d85909e341081d) Importer(815301076,1909f56bfc062723c751e8b465ee728b)
Start importing Assets/Resources/Sprites/PowerUps/starBronze.png using Guid(f77352ec5d007364e8d85909e341081d) Importer(815301076,1909f56bfc062723c751e8b465ee728b)  -> (artifact id: '55150fb41f02d97c77f4c8a8cd1081f0') in 0.014650 seconds 
========================================================================
Received Import Request.
  Time since last request: 0.000030 seconds.
  path: Assets/Resources/Sprites/PowerUps/shield_bronze.png
  artifactKey: Guid(453d7aa41e1c63547ac2dc57551746b2) Importer(815301076,1909f56bfc062723c751e8b465ee728b)
Start importing Assets/Resources/Sprites/PowerUps/shield_bronze.png using Guid(453d7aa41e1c63547ac2dc57551746b2) Importer(815301076,1909f56bfc062723c751e8b465ee728b)  -> (artifact id: 'ca7915a4ed6245927977d1d69d939495') in 0.011925 seconds 
========================================================================
Received Import Request.
  Time since last request: 0.000023 seconds.
  path: Assets/Resources/Sprites/PowerUps/pill_yellow.png
  artifactKey: Guid(893b2eb9c4605574684bb02dd71fa612) Importer(815301076,1909f56bfc062723c751e8b465ee728b)
Start importing Assets/Resources/Sprites/PowerUps/pill_yellow.png using Guid(893b2eb9c4605574684bb02dd71fa612) Importer(815301076,1909f56bfc062723c751e8b465ee728b)  -> (artifact id: 'd5dcc84712ae46088602112bfdb163f8') in 0.010818 seconds 
========================================================================
Received Import Request.
  Time since last request: 13.144657 seconds.
  path: Assets/Resources/Sprites/Meteors
  artifactKey: Guid(8b69c33882e1c4440a0de505d2e901ae) Importer(815301076,1909f56bfc062723c751e8b465ee728b)
Start importing Assets/Resources/Sprites/Meteors using Guid(8b69c33882e1c4440a0de505d2e901ae) Importer(815301076,1909f56bfc062723c751e8b465ee728b)  -> (artifact id: 'efe760a9fac22c4b8c264aec885c310b') in 0.001133 seconds 
========================================================================
Received Import Request.
  Time since last request: 0.051031 seconds.
  path: Assets/Resources/Sprites/Meteors/meteorBrown_big1.png
  artifactKey: Guid(0064742255e3eb6438703aac86e1d1b7) Importer(815301076,1909f56bfc062723c751e8b465ee728b)
Start importing Assets/Resources/Sprites/Meteors/meteorBrown_big1.png using Guid(0064742255e3eb6438703aac86e1d1b7) Importer(815301076,1909f56bfc062723c751e8b465ee728b)  -> (artifact id: '4985443dc3321ec136c0674a0830d34f') in 0.030288 seconds 
========================================================================
Received Import Request.
  Time since last request: 0.000021 seconds.
  path: Assets/Resources/Sprites/Meteors/meteorGrey_big2.png
  artifactKey: Guid(320f61c00bf62e8469b09456ae2f7854) Importer(815301076,1909f56bfc062723c751e8b465ee728b)
Start importing Assets/Resources/Sprites/Meteors/meteorGrey_big2.png using Guid(320f61c00bf62e8469b09456ae2f7854) Importer(815301076,1909f56bfc062723c751e8b465ee728b)  -> (artifact id: '3b2d478bd98fa4c9ce0fa0721ef1f20e') in 0.017574 seconds 
========================================================================
Received Import Request.
  Time since last request: 1.758105 seconds.
  path: Assets/Resources/Sprites/Enemies
  artifactKey: Guid(5798b1fca7c5a804996c14ec1ab3fb63) Importer(815301076,1909f56bfc062723c751e8b465ee728b)
Start importing Assets/Resources/Sprites/Enemies using Guid(5798b1fca7c5a804996c14ec1ab3fb63) Importer(815301076,1909f56bfc062723c751e8b465ee728b)  -> (artifact id: '8806dddb6cbedec7ae69d99357643ed5') in 0.001270 seconds 
========================================================================
Received Import Request.
  Time since last request: 0.063940 seconds.
  path: Assets/Resources/Sprites/Enemies/enemyBlack1.png
  artifactKey: Guid(fb8389fa18615564a9edba114e675854) Importer(815301076,1909f56bfc062723c751e8b465ee728b)
Start importing Assets/Resources/Sprites/Enemies/enemyBlack1.png using Guid(fb8389fa18615564a9edba114e675854) Importer(815301076,1909f56bfc062723c751e8b465ee728b)  -> (artifact id: 'e4d504917d4758095ae18c36c23ff491') in 0.013946 seconds 
========================================================================
Received Import Request.
  Time since last request: 0.000016 seconds.
  path: Assets/Resources/Sprites/Enemies/planeGreen2.png
  artifactKey: Guid(99bc297819a44b749b185b6e245cd30b) Importer(815301076,1909f56bfc062723c751e8b465ee728b)
Start importing Assets/Resources/Sprites/Enemies/planeGreen2.png using Guid(99bc297819a44b749b185b6e245cd30b) Importer(815301076,1909f56bfc062723c751e8b465ee728b)  -> (artifact id: '86358b51d05cd9a1593830cc62145d97') in 0.013715 seconds 
========================================================================
Received Import Request.
  Time since last request: 0.000015 seconds.
  path: Assets/Resources/Sprites/Enemies/playerShip1_orange.png
  artifactKey: Guid(128db42d5f2d8704fa1b61634e11d7be) Importer(815301076,1909f56bfc062723c751e8b465ee728b)
Start importing Assets/Resources/Sprites/Enemies/playerShip1_orange.png using Guid(128db42d5f2d8704fa1b61634e11d7be) Importer(815301076,1909f56bfc062723c751e8b465ee728b)  -> (artifact id: '2445ff1a631893d02f91d87c8ba87c13') in 0.015539 seconds 
========================================================================
Received Import Request.
  Time since last request: 0.000029 seconds.
  path: Assets/Resources/Sprites/Enemies/planeBlue2.png
  artifactKey: Guid(140db0cf44f64d34a9aec6a913ba2b43) Importer(815301076,1909f56bfc062723c751e8b465ee728b)
Start importing Assets/Resources/Sprites/Enemies/planeBlue2.png using Guid(140db0cf44f64d34a9aec6a913ba2b43) Importer(815301076,1909f56bfc062723c751e8b465ee728b)  -> (artifact id: '449dcc2a5992746596c520c7e007eb87') in 0.010916 seconds 
========================================================================
Received Import Request.
  Time since last request: 0.000044 seconds.
  path: Assets/Resources/Sprites/Enemies/enemyRed1.png
  artifactKey: Guid(331b6fedbb16188458cedf5087c84fa0) Importer(815301076,1909f56bfc062723c751e8b465ee728b)
Start importing Assets/Resources/Sprites/Enemies/enemyRed1.png using Guid(331b6fedbb16188458cedf5087c84fa0) Importer(815301076,1909f56bfc062723c751e8b465ee728b)  -> (artifact id: '6b2311306eadb7346eeda9e1e2f7110e') in 0.011687 seconds 
========================================================================
Received Import Request.
  Time since last request: 0.000017 seconds.
  path: Assets/Resources/Sprites/Enemies/enemyBlack5.png
  artifactKey: Guid(c44a9f5299d86e04899e35bd6bca25b6) Importer(815301076,1909f56bfc062723c751e8b465ee728b)
Start importing Assets/Resources/Sprites/Enemies/enemyBlack5.png using Guid(c44a9f5299d86e04899e35bd6bca25b6) Importer(815301076,1909f56bfc062723c751e8b465ee728b)  -> (artifact id: '3d0c1db0f07a755063943e68411b484b') in 0.011993 seconds 
========================================================================
Received Import Request.
  Time since last request: 0.000047 seconds.
  path: Assets/Resources/Sprites/Enemies/enemyRed2.png
  artifactKey: Guid(a4723b3f0aff9604ba3521a18d522283) Importer(815301076,1909f56bfc062723c751e8b465ee728b)
Start importing Assets/Resources/Sprites/Enemies/enemyRed2.png using Guid(a4723b3f0aff9604ba3521a18d522283) Importer(815301076,1909f56bfc062723c751e8b465ee728b)  -> (artifact id: '6a898ee408d71f9aedaf88dee6461c4d') in 0.011330 seconds 
========================================================================
Received Import Request.
  Time since last request: 0.000017 seconds.
  path: Assets/Resources/Sprites/Enemies/enemyBlue3.png
  artifactKey: Guid(b8595bdd6d6000c40ae72aae6bd94d81) Importer(815301076,1909f56bfc062723c751e8b465ee728b)
Start importing Assets/Resources/Sprites/Enemies/enemyBlue3.png using Guid(b8595bdd6d6000c40ae72aae6bd94d81) Importer(815301076,1909f56bfc062723c751e8b465ee728b)  -> (artifact id: '517ab4984e8269f6007ac11a05167b0b') in 0.026045 seconds 
========================================================================
Received Import Request.
  Time since last request: 0.000017 seconds.
  path: Assets/Resources/Sprites/Enemies/planeYellow3.png
  artifactKey: Guid(bc84c06eda0b4e243b28bd6d5543c2f2) Importer(815301076,1909f56bfc062723c751e8b465ee728b)
Start importing Assets/Resources/Sprites/Enemies/planeYellow3.png using Guid(bc84c06eda0b4e243b28bd6d5543c2f2) Importer(815301076,1909f56bfc062723c751e8b465ee728b)  -> (artifact id: '5f1c083159c6ebb40a483eb6fdb3bb69') in 0.010650 seconds 
========================================================================
Received Import Request.
  Time since last request: 0.000025 seconds.
  path: Assets/Resources/Sprites/Enemies/enemyGreen1.png
  artifactKey: Guid(3e503a0a6ab68e94a90d2bfe8fb35e41) Importer(815301076,1909f56bfc062723c751e8b465ee728b)
Start importing Assets/Resources/Sprites/Enemies/enemyGreen1.png using Guid(3e503a0a6ab68e94a90d2bfe8fb35e41) Importer(815301076,1909f56bfc062723c751e8b465ee728b)  -> (artifact id: '728a1fb742bed09bdc848f57bc90a8f9') in 0.011888 seconds 
========================================================================
Received Import Request.
  Time since last request: 17.988045 seconds.
  path: Assets/Font
  artifactKey: Guid(63ffa555b600002478ab194d7624f834) Importer(815301076,1909f56bfc062723c751e8b465ee728b)
Start importing Assets/Font using Guid(63ffa555b600002478ab194d7624f834) Importer(815301076,1909f56bfc062723c751e8b465ee728b)  -> (artifact id: '1a69372c3be00e10c26a57df221f0ed5') in 0.001354 seconds 
========================================================================
Received Import Request.
  Time since last request: 1.924101 seconds.
  path: Assets/Fonts
  artifactKey: Guid(63ffa555b600002478ab194d7624f834) Importer(815301076,1909f56bfc062723c751e8b465ee728b)
Start importing Assets/Fonts using Guid(63ffa555b600002478ab194d7624f834) Importer(815301076,1909f56bfc062723c751e8b465ee728b)  -> (artifact id: '48b17d0c719e7028c49a0dc432c68090') in 0.001317 seconds 
